#
# A fatal error has been detected by the Java Runtime Environment:
#
#  Internal Error (jvmciRuntime.cpp:1609), pid=1347, tid=1364
#  fatal error: Fatal exception in JVMCI: Error calling jdk.vm.ci.services.Services.serializeSavedProperties
#
# JRE version: OpenJDK Runtime Environment GraalVM CE 22.3.0 (17.0.5+8) (build 17.0.5+8-jvmci-22.3-b08)
# Java VM: OpenJDK 64-Bit Server VM GraalVM CE 22.3.0 (17.0.5+8-jvmci-22.3-b08, mixed mode, sharing, tiered, jvmci, jvmci compiler, compressed oops, compressed class ptrs, parallel gc, linux-amd64)
# Problematic frame:
# V  [libjvm.so+0x972714]  JVMCIRuntime::fatal_exception(JVMCIEnv*, char const*)+0x74
#
# Core dump will be written. Default location: Core dumps may be processed with "/usr/share/apport/apport -p%p -s%s -c%c -d%d -P%P -u%u -g%g -- %E" (or dumping to /home/runner/w2/core.1347)
#
# If you would like to submit a bug report, please visit:
#   https://github.com/oracle/graal/issues
#

---------------  S U M M A R Y ------------

Command Line: -XX:ThreadPriorityPolicy=1 -XX:+UnlockExperimentalVMOptions -XX:+EnableJVMCIProduct -XX:JVMCIThreadsPerNativeLibraryRuntime=1 -XX:-UnlockExperimentalVMOptions -Declipse.application=org.eclipse.jdt.ls.core.id1 -Dosgi.bundles.defaultStartLevel=4 -Declipse.product=org.eclipse.jdt.ls.core.product -Dlog.level=ALL -Xverify:none -XX:+UseParallelGC -XX:GCTimeRatio=4 -XX:AdaptiveSizePolicyWeight=90 -Dsun.zip.disableMemoryMapping=true -Xmx512m -Xms100m /nix/store/m6gcpi1ii6rghy04cjwjddcavv7i90df-jdt-language-server-1.9.0/share/java/plugins/org.eclipse.equinox.launcher_1.6.400.v20210924-0641.jar --add-modules=ALL-SYSTEM --add-opens java.base/java.util=ALL-UNNAMED --add-opens java.base/java.lang=ALL-UNNAMED -configuration /home/runner/.cache/jdt-language-server/config -data /home/runner/.cache/jdt-language-server/data/home/runner/w2

Host: Intel(R) Xeon(R) CPU @ 2.00GHz, 4 cores, 1G, Ubuntu 20.04.2 LTS
Time: Sat Jul  1 16:01:41 2023 UTC elapsed time: 1925.171989 seconds (0d 0h 32m 5s)

---------------  T H R E A D  ---------------

Current thread (0x00007f7c840b2120):  JavaThread "JVMCI-native CompilerThread0" daemon [_thread_in_vm, id=1364, stack(0x00007f7c8861a000,0x00007f7c8881a000)]


Current CompileTask:
JVMCI-native:1925172 9016       4       java.lang.Thread::interrupted (23 bytes)

Stack: [0x00007f7c8861a000,0x00007f7c8881a000],  sp=0x00007f7c88818380,  free space=2040k
Native frames: (J=compiled Java code, j=interpreted, Vv=VM code, C=native code)
V  [libjvm.so+0x972714]  JVMCIRuntime::fatal_exception(JVMCIEnv*, char const*)+0x74
V  [libjvm.so+0x93e2fe]  JVMCIEnv::copy_saved_properties()+0x14e
V  [libjvm.so+0x9732a9]  JVMCIRuntime::initialize(JVMCIEnv*)+0xb19
V  [libjvm.so+0x9738a2]  JVMCIRuntime::get_HotSpotJVMCIRuntime(JVMCIEnv*)+0x12
V  [libjvm.so+0x9749f2]  JVMCIRuntime::compile_method(JVMCIEnv*, JVMCICompiler*, methodHandle const&, int)+0xd2
V  [libjvm.so+0x5b0d20]  CompileBroker::invoke_compiler_on_method(CompileTask*)+0x1470
V  [libjvm.so+0x5b12e8]  CompileBroker::compiler_thread_loop()+0x528
V  [libjvm.so+0xd82460]  JavaThread::thread_main_inner()+0xd0
V  [libjvm.so+0xd85a40]  Thread::call_run()+0xc0
V  [libjvm.so+0xbdb1e1]  thread_native_entry(Thread*)+0xe1

Register to memory mapping:

RAX=0x00007f7c8b755000 points into unknown readable memory: 0x0000000000000058 | 58 00 00 00 00 00 00 00
RBX=0x00007f7c8c850398: <offset 0x0000000000ef5398> in /nix/store/gpxl5qgg8kicmcvivwmybwjlpf7wh20l-graalvm17-ce-22.3.0/lib/server/libjvm.so at 0x00007f7c8b95b000
RCX=0x00007f7c8c8081e8: <offset 0x0000000000ead1e8> in /nix/store/gpxl5qgg8kicmcvivwmybwjlpf7wh20l-graalvm17-ce-22.3.0/lib/server/libjvm.so at 0x00007f7c8b95b000
RDX=0x0000000000000649 is an unknown value
RSP=0x00007f7c88818380 is pointing into the stack for thread: 0x00007f7c840b2120
RBP=0x00007f7c888183a0 is pointing into the stack for thread: 0x00007f7c840b2120
RSI=0x00007f7c8c850c48: <offset 0x0000000000ef5c48> in /nix/store/gpxl5qgg8kicmcvivwmybwjlpf7wh20l-graalvm17-ce-22.3.0/lib/server/libjvm.so at 0x00007f7c8b95b000
RDI=0x00000000e0000000 is an oop: [B 
{0x00000000e0000000} - klass: {type array byte}
 - length: 81
R8 =0x00007f7c8c850398: <offset 0x0000000000ef5398> in /nix/store/gpxl5qgg8kicmcvivwmybwjlpf7wh20l-graalvm17-ce-22.3.0/lib/server/libjvm.so at 0x00007f7c8b95b000
R9 =0x00007f7c88818330 is pointing into the stack for thread: 0x00007f7c840b2120
R10=0x00007f7c88819948 is pointing into the stack for thread: 0x00007f7c840b2120
R11=0x0000000000000293 is an unknown value
R12=0x0 is NULL
R13=0x00007f7c840b2120 is a thread
R14=0x00007f7c84000b80 points into unknown readable memory: 0x00007f7c8ca81a38 | 38 1a a8 8c 7c 7f 00 00
R15=0x00007f7c8cb8fe40: <offset 0x0000000001234e40> in /nix/store/gpxl5qgg8kicmcvivwmybwjlpf7wh20l-graalvm17-ce-22.3.0/lib/server/libjvm.so at 0x00007f7c8b95b000


Registers:
RAX=0x00007f7c8b755000, RBX=0x00007f7c8c850398, RCX=0x00007f7c8c8081e8, RDX=0x0000000000000649
RSP=0x00007f7c88818380, RBP=0x00007f7c888183a0, RSI=0x00007f7c8c850c48, RDI=0x00000000e0000000
R8 =0x00007f7c8c850398, R9 =0x00007f7c88818330, R10=0x00007f7c88819948, R11=0x0000000000000293
R12=0x0000000000000000, R13=0x00007f7c840b2120, R14=0x00007f7c84000b80, R15=0x00007f7c8cb8fe40
RIP=0x00007f7c8c2cd714, EFLAGS=0x0000000000010206, CSGSFS=0x002b000000000033, ERR=0x0000000000000006
  TRAPNO=0x000000000000000e

Top of Stack: (sp=0x00007f7c88818380)
0x00007f7c88818380:   00007f7c88818940 00007f7c840b2120
0x00007f7c88818390:   00007f7c8a0e68c8 0000000800c409d8
0x00007f7c888183a0:   00007f7c88818500 00007f7c8c2992fe
0x00007f7c888183b0:   00007f7c888183e0 00007f7c88818440 

Instructions: (pc=0x00007f7c8c2cd714)
0x00007f7c8c2cd614:   30 e8 f6 cf e8 ff 4c 89 e7 e8 2e 48 d1 ff 84 db
0x00007f7c8c2cd624:   75 2a 4d 85 ed 74 04 4d 8b 6d 00 48 83 c4 08 44
0x00007f7c8c2cd634:   89 f9 4c 89 f2 4c 89 ee 5b 4c 89 e7 41 5c 41 5d
0x00007f7c8c2cd644:   41 5e 41 5f 5d e9 e2 47 d1 ff 66 90 48 83 c4 08
0x00007f7c8c2cd654:   5b 41 5c 41 5d 41 5e 41 5f 5d c3 90 31 d2 be 08
0x00007f7c8c2cd664:   00 00 00 4c 89 ff e8 b1 78 a3 ff 49 89 c5 e9 37
0x00007f7c8c2cd674:   ff ff ff 66 0f 1f 84 00 00 00 00 00 48 8b 7a 08
0x00007f7c8c2cd684:   e9 6d ff ff ff 0f 1f 80 00 00 00 00 e8 5b 48 0a
0x00007f7c8c2cd694:   00 84 c0 75 89 e9 6a ff ff ff 66 90 55 48 89 e5
0x00007f7c8c2cd6a4:   41 56 41 55 41 54 49 89 fc 53 48 89 f3 66 48 8d
0x00007f7c8c2cd6b4:   3d 27 5e 85 00 66 66 48 e8 df 43 8d ff 4c 8b 28
0x00007f7c8c2cd6c4:   8b 05 be 72 8a 00 85 c0 75 14 ba 01 00 00 00 48
0x00007f7c8c2cd6d4:   8d 0d ae 72 8a 00 f0 0f b1 11 85 c0 74 4e be c8
0x00007f7c8c2cd6e4:   00 00 00 4c 89 ef e8 01 0b 41 00 48 8d 05 12 ac
0x00007f7c8c2cd6f4:   85 00 49 89 d8 48 8d 0d e8 aa 53 00 ba 49 06 00
0x00007f7c8c2cd704:   00 48 8d 35 3c 35 58 00 bf 00 00 00 e0 48 8b 00
0x00007f7c8c2cd714:   c6 00 58 31 c0 e8 e2 91 c6 ff 5b 41 5c 41 5d 41
0x00007f7c8c2cd724:   5e 5d e9 55 34 26 00 0f 1f 44 00 00 48 8d 05 81
0x00007f7c8c2cd734:   a3 8b 00 48 89 df 4c 8b 30 e8 9e 43 8d ff 48 89
0x00007f7c8c2cd744:   de 48 89 c2 49 8b 06 4c 89 f7 ff 50 08 4c 89 f7
0x00007f7c8c2cd754:   e8 a7 5c 27 00 4d 85 e4 74 12 be 01 00 00 00 4c
0x00007f7c8c2cd764:   89 e7 e8 35 43 fc ff eb 82 0f 1f 00 be 01 00 00
0x00007f7c8c2cd774:   00 4c 89 ef e8 d3 fd ff ff e9 6d ff ff ff 66 66
0x00007f7c8c2cd784:   2e 0f 1f 84 00 00 00 00 00 0f 1f 00 55 48 89 e5
0x00007f7c8c2cd794:   41 57 41 56 41 55 41 54 53 48 81 ec 08 02 00 00
0x00007f7c8c2cd7a4:   64 48 8b 04 25 28 00 00 00 48 89 45 c8 8b 07 83
0x00007f7c8c2cd7b4:   f8 02 0f 84 11 04 00 00 4c 8b 6f 18 49 89 ff 49
0x00007f7c8c2cd7c4:   89 f4 4d 85 ed 74 14 4c 89 ef e8 5d 57 22 00 41
0x00007f7c8c2cd7d4:   8b 07 83 f8 02 0f 84 19 04 00 00 48 8d 1d 9a 06
0x00007f7c8c2cd7e4:   8a 00 4c 8d 35 0b 3c 58 00 eb 38 90 48 85 d2 7f
0x00007f7c8c2cd7f4:   0d 48 8d 05 b4 c0 85 00 48 83 38 00 7e 0e 41 8b
0x00007f7c8c2cd804:   77 2c 4c 89 f7 31 c0 e8 a0 b2 f7 ff 49 8b 7f 18 


Stack slot to memory mapping:
stack at sp + 0 slots: 0x00007f7c88818940 is pointing into the stack for thread: 0x00007f7c840b2120
stack at sp + 1 slots: 0x00007f7c840b2120 is a thread
stack at sp + 2 slots: 0x00007f7c8a0e68c8 points into unknown readable memory: 0x65730018e552ffff | ff ff 52 e5 18 00 73 65
stack at sp + 3 slots: 0x0000000800c409d8 is a pointer to class: 
jdk.vm.ci.services.Services {0x0000000800c409d8}
 - instance size:     2
 - klass size:        65
 - access:            public final synchronized 
 - state:             fully_initialized
 - name:              'jdk/vm/ci/services/Services'
 - super:             'java/lang/Object'
 - sub:               
 - arrays:            NULL
 - methods:           Array<T>(0x00007f7c8903a990)
 - method ordering:   Array<T>(0x0000000800928960)
 - default_methods:   Array<T>(0x0000000000000000)
 - local interfaces:  Array<T>(0x00000008005ce810)
 - trans. interfaces: Array<T>(0x00000008005ce810)
 - constants:         constant pool [427] {0x00007f7c89039a70} for 'jdk/vm/ci/services/Services' cache=0x00007f7c8903bc60
 - class loader data:  loader data: 0x00007f7c840283d0 of 'bootstrap'
 - source file:       'Services.java'
 - class annotations:       Array<T>(0x0000000000000000)
 - class type annotations:  Array<T>(0x0000000000000000)
 - field annotations:       Array<T>(0x0000000000000000)
 - field type annotations:  Array<T>(0x0000000000000000)
 - inner classes:     Array<T>(0x00007f7c8903bc30)
 - nest members:     Array<T>(0x00007f7c8903bc50)
 - permitted subclasses:     Array<T>(0x00000008005ce7a0)
 - java mirror:       a 'java/lang/Class'{0x00000000e02ae5f0} = 'jdk/vm/ci/services/Services'
 - vtable length      5  (start addr: 0x0000000800c40ba8)
 - itable length      2 (start addr: 0x0000000800c40bd0)
 - ---- static fields (3 words):
 - public static final 'IS_BUILDING_NATIVE_IMAGE' 'Z' @128 
 - public static final 'IS_IN_NATIVE_IMAGE' 'Z' @129 
 - private static volatile 'savedProperties' 'Ljava/util/Map;' @112 
 - static final 'JVMCI_ENABLED' 'Z' @130 
 - private static final 'servicesCache' 'Ljava/util/Map;' @116 
 - private static final 'MAX_UNICODE_IN_UTF8_LENGTH' 'I' @120 
 - private static final 'MAX_UTF8_PROPERTY_STRING_LENGTH' 'I' @124 
 - ---- non-static fields (0 words):
 - non-static oop maps: 
stack at sp + 4 slots: 0x00007f7c88818500 is pointing into the stack for thread: 0x00007f7c840b2120
stack at sp + 5 slots: 0x00007f7c8c2992fe: <offset 0x000000000093e2fe> in /nix/store/gpxl5qgg8kicmcvivwmybwjlpf7wh20l-graalvm17-ce-22.3.0/lib/server/libjvm.so at 0x00007f7c8b95b000
stack at sp + 6 slots: 0x00007f7c888183e0 is pointing into the stack for thread: 0x00007f7c840b2120
stack at sp + 7 slots: 0x00007f7c88818440 is pointing into the stack for thread: 0x00007f7c840b2120


---------------  P R O C E S S  ---------------

Threads class SMR info:
_java_thread_list=0x00007f7c40006920, length=24, elements={
0x00007f7c84026670, 0x00007f7c840a63f0, 0x00007f7c840a7830, 0x00007f7c840adf90,
0x00007f7c840af340, 0x00007f7c840b0730, 0x00007f7c840b2120, 0x00007f7c840b3630,
0x00007f7c840b4a80, 0x00007f7c840d7600, 0x00007f7c8411fbc0, 0x00007f7c84304700,
0x00007f7c8434caa0, 0x00007f7c8434f730, 0x00007f7c2002f440, 0x00007f7c20405750,
0x00007f7c20631e60, 0x00007f7c206ee270, 0x00007f7c84364d90, 0x00007f7c843f9980,
0x000055ba1473e9a0, 0x00007f7c1825cc40, 0x000055ba14864ac0, 0x00007f7c40005f40
}

Java Threads: ( => current thread )
  0x00007f7c84026670 JavaThread "main" [_thread_blocked, id=1355, stack(0x00007f7c8b776000,0x00007f7c8b876000)]
  0x00007f7c840a63f0 JavaThread "Reference Handler" daemon [_thread_blocked, id=1359, stack(0x00007f7c88f00000,0x00007f7c89000000)]
  0x00007f7c840a7830 JavaThread "Finalizer" daemon [_thread_blocked, id=1360, stack(0x00007f7c88e00000,0x00007f7c88f00000)]
  0x00007f7c840adf90 JavaThread "Signal Dispatcher" daemon [_thread_blocked, id=1361, stack(0x00007f7c88a1a000,0x00007f7c88b1a000)]
  0x00007f7c840af340 JavaThread "Service Thread" daemon [_thread_blocked, id=1362, stack(0x00007f7c8891a000,0x00007f7c88a1a000)]
  0x00007f7c840b0730 JavaThread "Monitor Deflation Thread" daemon [_thread_blocked, id=1363, stack(0x00007f7c8881a000,0x00007f7c8891a000)]
=>0x00007f7c840b2120 JavaThread "JVMCI-native CompilerThread0" daemon [_thread_in_vm, id=1364, stack(0x00007f7c8861a000,0x00007f7c8881a000)]
  0x00007f7c840b3630 JavaThread "C1 CompilerThread0" daemon [_thread_blocked, id=1365, stack(0x00007f7c8841a000,0x00007f7c8861a000)]
  0x00007f7c840b4a80 JavaThread "Sweeper thread" daemon [_thread_blocked, id=1366, stack(0x00007f7c8831a000,0x00007f7c8841a000)]
  0x00007f7c840d7600 JavaThread "Common-Cleaner" daemon [_thread_blocked, id=1367, stack(0x00007f7c8821a000,0x00007f7c8831a000)]
  0x00007f7c8411fbc0 JavaThread "Notification Thread" daemon [_thread_blocked, id=1368, stack(0x00007f7c8811a000,0x00007f7c8821a000)]
  0x00007f7c84304700 JavaThread "Active Thread: Equinox Container: 9e5217cf-9dd5-4b81-8815-f870554b60ea" [_thread_blocked, id=1380, stack(0x00007f7c6b3b3000,0x00007f7c6b4b3000)]
  0x00007f7c8434caa0 JavaThread "Framework Event Dispatcher: Equinox Container: 9e5217cf-9dd5-4b81-8815-f870554b60ea" daemon [_thread_blocked, id=1381, stack(0x00007f7c68f00000,0x00007f7c69000000)]
  0x00007f7c8434f730 JavaThread "Start Level: Equinox Container: 9e5217cf-9dd5-4b81-8815-f870554b60ea" daemon [_thread_blocked, id=1382, stack(0x00007f7c68d00000,0x00007f7c68e00000)]
  0x00007f7c2002f440 JavaThread "SCR Component Actor" daemon [_thread_blocked, id=1387, stack(0x00007f7c68b00000,0x00007f7c68c00000)]
  0x00007f7c20405750 JavaThread "Worker-JM" [_thread_blocked, id=1395, stack(0x00007f7c68700000,0x00007f7c68800000)]
  0x00007f7c20631e60 JavaThread "Java indexing" daemon [_thread_blocked, id=1405, stack(0x00007f7c32d00000,0x00007f7c32e00000)]
  0x00007f7c206ee270 JavaThread "Bundle File Closer" daemon [_thread_blocked, id=1412, stack(0x00007f7c32b00000,0x00007f7c32c00000)]
  0x00007f7c84364d90 JavaThread "pool-3-thread-1" [_thread_blocked, id=1415, stack(0x00007f7c68800000,0x00007f7c68900000)]
  0x00007f7c843f9980 JavaThread "pool-2-thread-1" [_thread_blocked, id=1416, stack(0x00007f7c68900000,0x00007f7c68a00000)]
  0x000055ba1473e9a0 JavaThread "Worker-3: Java indexing... " [_thread_blocked, id=1425, stack(0x00007f7c32900000,0x00007f7c32a00000)]
  0x00007f7c1825cc40 JavaThread "Worker-6: Publish Diagnostics" [_thread_blocked, id=3809, stack(0x00007f7c32700000,0x00007f7c32800000)]
  0x000055ba14864ac0 JavaThread "Worker-7: Compacting resource model" [_thread_blocked, id=3810, stack(0x00007f7c68500000,0x00007f7c68600000)]
  0x00007f7c40005f40 JavaThread "Worker-9" [_thread_blocked, id=4825, stack(0x00007f7c68300000,0x00007f7c68400000)]

Other Threads:
  0x00007f7c840a1b30 VMThread "VM Thread" [stack: 0x00007f7c8988f000,0x00007f7c8998f000] [id=1358] _threads_hazard_ptr=0x00007f7c40006920
  0x00007f7c84121560 WatcherThread [stack: 0x00007f7c8801a000,0x00007f7c8811a000] [id=1369]
  0x00007f7c8403df10 GCTaskThread "GC Thread#0" [stack: 0x00007f7c8b339000,0x00007f7c8b439000] [id=1356]

Threads with active compile tasks:
JVMCI-native CompilerThread0  1925274 9016       4       java.lang.Thread::interrupted (23 bytes)

VM state: synchronizing (normal execution)

VM Mutex/Monitor currently owned by a thread:  ([mutex/lock_event])
[0x00007f7c84023820] Threads_lock - owner thread: 0x00007f7c840a1b30
[0x00007f7c84023fd0] Heap_lock - owner thread: 0x00007f7c1825cc40

OutOfMemory and StackOverflow Exception counts:
OutOfMemoryError java_heap_errors=6
LinkageErrors=64

Heap address: 0x00000000e0000000, size: 512 MB, Compressed Oops mode: 32-bit

CDS archive(s) mapped at: [0x0000000800000000-0x0000000800bc8000-0x0000000800bc8000), size 12353536, SharedBaseAddress: 0x0000000800000000, ArchiveRelocationMode: 0.
Compressed class space mapped at: 0x0000000800c00000-0x0000000840c00000, reserved size: 1073741824
Narrow klass base: 0x0000000800000000, Narrow klass shift: 0, Narrow klass range: 0x100000000

GC Precious Log:
 CPUs: 4 total, 1 available
 Memory: 1024M
 Large Page Support: Disabled
 NUMA Support: Disabled
 Compressed Oops: Enabled (32-bit)
 Alignments: Space 512K, Generation 512K, Heap 2M
 Heap Min Capacity: 100M
 Heap Initial Capacity: 100M
 Heap Max Capacity: 512M
 Pre-touch: Disabled
 Parallel Workers: 1

Heap:
 PSYoungGen      total 54784K, used 39936K [0x00000000f5580000, 0x00000000f9b80000, 0x0000000100000000)
  eden space 39936K, 100% used [0x00000000f5580000,0x00000000f7c80000,0x00000000f7c80000)
  from space 14848K, 0% used [0x00000000f7c80000,0x00000000f7c80000,0x00000000f8b00000)
  to   space 13312K, 0% used [0x00000000f8b80000,0x00000000f8b80000,0x00000000f9880000)
 ParOldGen       total 349696K, used 349695K [0x00000000e0000000, 0x00000000f5580000, 0x00000000f5580000)
  object space 349696K, 99% used [0x00000000e0000000,0x00000000f557fff0,0x00000000f5580000)
 Metaspace       used 54911K, committed 55936K, reserved 1105920K
  class space    used 5258K, committed 5696K, reserved 1048576K

Card table byte_map: [0x00007f7c8b439000,0x00007f7c8b53a000] _byte_map_base: 0x00007f7c8ad39000

Marking Bits: (ParMarkBitMap*) 0x00007f7c8cb894c0
 Begin Bits: [0x00007f7c8a28c000, 0x00007f7c8aa8c000)
 End Bits:   [0x00007f7c8aa8c000, 0x00007f7c8b28c000)

Polling page: 0x00007f7c8b753000

Metaspace:

Usage:
  Non-class:     48.49 MB used.
      Class:      5.14 MB used.
       Both:     53.62 MB used.

Virtual space:
  Non-class space:       56.00 MB reserved,      49.06 MB ( 88%) committed,  7 nodes.
      Class space:        1.00 GB reserved,       5.56 MB ( <1%) committed,  1 nodes.
             Both:        1.05 GB reserved,      54.62 MB (  5%) committed. 

Chunk freelists:
   Non-Class:  2.12 MB
       Class:  2.29 MB
        Both:  4.41 MB

MaxMetaspaceSize: unlimited
CompressedClassSpaceSize: 1.00 GB
Initial GC threshold: 21.00 MB
Current GC threshold: 90.88 MB
CDS: on
MetaspaceReclaimPolicy: balanced
 - commit_granule_bytes: 65536.
 - commit_granule_words: 8192.
 - virtual_space_node_default_size: 1048576.
 - enlarge_chunks_in_place: 1.
 - new_chunks_are_fully_committed: 0.
 - uncommit_free_chunks: 1.
 - use_allocation_guard: 0.
 - handle_deallocations: 1.


Internal statistics:

num_allocs_failed_limit: 6.
num_arena_births: 472.
num_arena_deaths: 138.
num_vsnodes_births: 8.
num_vsnodes_deaths: 0.
num_space_committed: 871.
num_space_uncommitted: 0.
num_chunks_returned_to_freelist: 194.
num_chunks_taken_from_freelist: 2787.
num_chunk_merges: 78.
num_chunk_splits: 1780.
num_chunks_enlarged: 1125.
num_purges: 10.
num_inconsistent_stats: 0.

CodeHeap 'non-profiled nmethods': size=120036Kb used=2819Kb max_used=2819Kb free=117216Kb
 bounds [0x00007f7c72f7a000, 0x00007f7c7324a000, 0x00007f7c7a4b3000]
CodeHeap 'profiled nmethods': size=120032Kb used=14837Kb max_used=16984Kb free=105194Kb
 bounds [0x00007f7c6ba42000, 0x00007f7c6cae2000, 0x00007f7c72f7a000]
CodeHeap 'non-nmethods': size=5692Kb used=1366Kb max_used=1381Kb free=4325Kb
 bounds [0x00007f7c6b4b3000, 0x00007f7c6b723000, 0x00007f7c6ba42000]
 total_blobs=7658 nmethods=6953 adapters=585
 compilation: enabled
              stopped_count=0, restarted_count=0
 full_count=0

JVMCI Events (20 events):
Event: 1751.912 Thread 0x00007f7c840b2120 compacted oop handles in JVMCI runtime 0 from 74 to 74
Event: 1751.912 Thread 0x00007f7c840b2120 releasing handles for JVMCI runtime 0: oop handles=74, metadata handles={total=140, live=131, blocks=33}
Event: 1751.912 Thread 0x00007f7c840b2120 detached from JVMCI runtime 0
Event: 1786.541 Thread 0x00007f7c840b2120 attached to JVMCI runtime 0
Event: 1786.546 Thread 0x00007f7c840b2120 created JavaVM[7]@0x00007f7c3219e340 for JVMCI runtime 0
Event: 1786.546 Thread 0x00007f7c840b2120 initializing JVMCI runtime 0
Event: 1786.546 Thread 0x00007f7c840b2120 done waiting for JavaVM references initialization in JVMCI runtime 0
Event: 1833.047 Thread 0x00007f7c840b2120 initialized JVMCI runtime 0
Event: 1894.044 Thread 0x00007f7c840b2120 compacted oop handles in JVMCI runtime 0 from 143 to 86
Event: 1898.710 Thread 0x00007f7c840b2120 detaching from JVMCI runtime 0: releasing idle compiler thread (0 other threads still attached)
Event: 1898.710 Thread 0x00007f7c840b2120 shutting down HotSpotJVMCIRuntime for JVMCI runtime 0
Event: 1898.710 Thread 0x00007f7c840b2120 shut down JVMCI runtime 0
Event: 1898.715 Thread 0x00007f7c840b2120 destroyed JavaVM[7]@0x00007f7c3219e340 for JVMCI runtime 0
Event: 1898.715 Thread 0x00007f7c840b2120 compacted oop handles in JVMCI runtime 0 from 86 to 86
Event: 1898.715 Thread 0x00007f7c840b2120 releasing handles for JVMCI runtime 0: oop handles=86, metadata handles={total=160, live=141, blocks=33}
Event: 1898.715 Thread 0x00007f7c840b2120 detached from JVMCI runtime 0
Event: 1913.257 Thread 0x00007f7c840b2120 attached to JVMCI runtime 0
Event: 1913.260 Thread 0x00007f7c840b2120 created JavaVM[8]@0x00007f7c3219e340 for JVMCI runtime 0
Event: 1913.260 Thread 0x00007f7c840b2120 initializing JVMCI runtime 0
Event: 1913.260 Thread 0x00007f7c840b2120 done waiting for JavaVM references initialization in JVMCI runtime 0

Compilation events (20 events):
Event: 1497.311 Thread 0x00007f7c840b2120 nmethod 8919 0x00007f7c73237310 code [0x00007f7c73237480, 0x00007f7c732374f8]
Event: 1499.761 Thread 0x00007f7c840b3630 9006   !   3       java.util.concurrent.locks.AbstractQueuedSynchronizer::acquire (407 bytes)
Event: 1505.308 Thread 0x00007f7c840b3630 nmethod 9006 0x00007f7c6c0ce710 code [0x00007f7c6c0cea80, 0x00007f7c6c0d08a0]
Event: 1505.309 Thread 0x00007f7c840b3630 9007       1       org.eclipse.jdt.ls.core.internal.LanguageServer::getParentProcessId (5 bytes)
Event: 1508.068 Thread 0x00007f7c840b3630 nmethod 9007 0x00007f7c73237610 code [0x00007f7c732377a0, 0x00007f7c73237870]
Event: 1628.156 Thread 0x00007f7c840b3630 9009   !   3       org.eclipse.jdt.internal.compiler.lookup.SourceTypeBinding::getField (317 bytes)
Event: 1638.182 Thread 0x00007f7c840b3630 nmethod 9009 0x00007f7c6c746d10 code [0x00007f7c6c746fc0, 0x00007f7c6c748dc0]
Event: 1642.334 Thread 0x00007f7c840b2120 9010       4       org.eclipse.jdt.internal.core.JrtPackageFragmentRoot::getPackageFragment (10 bytes)
Event: 1719.437 Thread 0x00007f7c840b2120 nmethod 9010 0x00007f7c73237910 code [0x00007f7c73237aa0, 0x00007f7c73237b88]
Event: 1719.437 Thread 0x00007f7c840b2120 9012       4       java.io.DataOutputStream::writeUTF (411 bytes)
Event: 1742.249 Thread 0x00007f7c840b2120 nmethod 9012 0x00007f7c73237c90 code [0x00007f7c73237e40, 0x00007f7c732386c8]
Event: 1742.249 Thread 0x00007f7c840b2120 9011       4       org.eclipse.jdt.internal.core.ClassFile::getType (28 bytes)
Event: 1746.964 Thread 0x00007f7c840b2120 nmethod 9011 0x00007f7c73238b10 code [0x00007f7c73238ca0, 0x00007f7c73238ef0]
Event: 1786.541 Thread 0x00007f7c840b2120 9013       4       org.eclipse.jdt.internal.compiler.util.HashtableOfType::get (68 bytes)
Event: 1829.325 Thread 0x00007f7c840b3630 9015       3       java.util.concurrent.locks.AbstractQueuedSynchronizer::acquire (20 bytes)
Event: 1829.326 Thread 0x00007f7c840b3630 nmethod 9015 0x00007f7c6bf07190 code [0x00007f7c6bf07340, 0x00007f7c6bf07710]
Event: 1839.360 Thread 0x00007f7c840b2120 nmethod 9013 0x00007f7c73239110 code [0x00007f7c732392a0, 0x00007f7c732396a0]
Event: 1839.360 Thread 0x00007f7c840b2120 9014       4       org.eclipse.jdt.internal.compiler.lookup.LookupEnvironment::getTypeFromConstantPoolName (104 bytes)
Event: 1894.044 Thread 0x00007f7c840b2120 nmethod 9014 0x00007f7c73239910 code [0x00007f7c73239b40, 0x00007f7c7323a0f0]
Event: 1913.257 Thread 0x00007f7c840b2120 9016       4       java.lang.Thread::interrupted (23 bytes)

GC Heap History (20 events):
Event: 1905.913 GC heap before
{Heap before GC invocations=542 (full 448):
 PSYoungGen      total 54784K, used 39935K [0x00000000f5580000, 0x00000000f9b80000, 0x0000000100000000)
  eden space 39936K, 99% used [0x00000000f5580000,0x00000000f7c7fff8,0x00000000f7c80000)
  from space 14848K, 0% used [0x00000000f7c80000,0x00000000f7c80000,0x00000000f8b00000)
  to   space 13312K, 0% used [0x00000000f8b80000,0x00000000f8b80000,0x00000000f9880000)
 ParOldGen       total 349696K, used 349695K [0x00000000e0000000, 0x00000000f5580000, 0x00000000f5580000)
  object space 349696K, 99% used [0x00000000e0000000,0x00000000f557ffd8,0x00000000f5580000)
 Metaspace       used 54911K, committed 55936K, reserved 1105920K
  class space    used 5258K, committed 5696K, reserved 1048576K
}
Event: 1907.936 GC heap after
{Heap after GC invocations=542 (full 448):
 PSYoungGen      total 53248K, used 39935K [0x00000000f5580000, 0x00000000f9b80000, 0x0000000100000000)
  eden space 39936K, 99% used [0x00000000f5580000,0x00000000f7c7fe80,0x00000000f7c80000)
  from space 13312K, 0% used [0x00000000f8b80000,0x00000000f8b80000,0x00000000f9880000)
  to   space 14848K, 0% used [0x00000000f7c80000,0x00000000f7c80000,0x00000000f8b00000)
 ParOldGen       total 349696K, used 349695K [0x00000000e0000000, 0x00000000f5580000, 0x00000000f5580000)
  object space 349696K, 99% used [0x00000000e0000000,0x00000000f557fda0,0x00000000f5580000)
 Metaspace       used 54911K, committed 55936K, reserved 1105920K
  class space    used 5258K, committed 5696K, reserved 1048576K
}
Event: 1907.937 GC heap before
{Heap before GC invocations=543 (full 449):
 PSYoungGen      total 53248K, used 39935K [0x00000000f5580000, 0x00000000f9b80000, 0x0000000100000000)
  eden space 39936K, 99% used [0x00000000f5580000,0x00000000f7c7ffe8,0x00000000f7c80000)
  from space 13312K, 0% used [0x00000000f8b80000,0x00000000f8b80000,0x00000000f9880000)
  to   space 14848K, 0% used [0x00000000f7c80000,0x00000000f7c80000,0x00000000f8b00000)
 ParOldGen       total 349696K, used 349695K [0x00000000e0000000, 0x00000000f5580000, 0x00000000f5580000)
  object space 349696K, 99% used [0x00000000e0000000,0x00000000f557fda0,0x00000000f5580000)
 Metaspace       used 54911K, committed 55936K, reserved 1105920K
  class space    used 5258K, committed 5696K, reserved 1048576K
}
Event: 1909.934 GC heap after
{Heap after GC invocations=543 (full 449):
 PSYoungGen      total 54784K, used 39935K [0x00000000f5580000, 0x00000000f9b80000, 0x0000000100000000)
  eden space 39936K, 99% used [0x00000000f5580000,0x00000000f7c7ffe8,0x00000000f7c80000)
  from space 14848K, 0% used [0x00000000f7c80000,0x00000000f7c80000,0x00000000f8b00000)
  to   space 13312K, 0% used [0x00000000f8b80000,0x00000000f8b80000,0x00000000f9880000)
 ParOldGen       total 349696K, used 349695K [0x00000000e0000000, 0x00000000f5580000, 0x00000000f5580000)
  object space 349696K, 99% used [0x00000000e0000000,0x00000000f557fda0,0x00000000f5580000)
 Metaspace       used 54911K, committed 55936K, reserved 1105920K
  class space    used 5258K, committed 5696K, reserved 1048576K
}
Event: 1909.939 GC heap before
{Heap before GC invocations=544 (full 450):
 PSYoungGen      total 54784K, used 39936K [0x00000000f5580000, 0x00000000f9b80000, 0x0000000100000000)
  eden space 39936K, 100% used [0x00000000f5580000,0x00000000f7c80000,0x00000000f7c80000)
  from space 14848K, 0% used [0x00000000f7c80000,0x00000000f7c80000,0x00000000f8b00000)
  to   space 13312K, 0% used [0x00000000f8b80000,0x00000000f8b80000,0x00000000f9880000)
 ParOldGen       total 349696K, used 349695K [0x00000000e0000000, 0x00000000f5580000, 0x00000000f5580000)
  object space 349696K, 99% used [0x00000000e0000000,0x00000000f557fff8,0x00000000f5580000)
 Metaspace       used 54911K, committed 55936K, reserved 1105920K
  class space    used 5258K, committed 5696K, reserved 1048576K
}
Event: 1911.658 GC heap after
{Heap after GC invocations=544 (full 450):
 PSYoungGen      total 53248K, used 39936K [0x00000000f5580000, 0x00000000f9b80000, 0x0000000100000000)
  eden space 39936K, 100% used [0x00000000f5580000,0x00000000f7c80000,0x00000000f7c80000)
  from space 13312K, 0% used [0x00000000f8b80000,0x00000000f8b80000,0x00000000f9880000)
  to   space 14848K, 0% used [0x00000000f7c80000,0x00000000f7c80000,0x00000000f8b00000)
 ParOldGen       total 349696K, used 349695K [0x00000000e0000000, 0x00000000f5580000, 0x00000000f5580000)
  object space 349696K, 99% used [0x00000000e0000000,0x00000000f557ffd8,0x00000000f5580000)
 Metaspace       used 54911K, committed 55936K, reserved 1105920K
  class space    used 5258K, committed 5696K, reserved 1048576K
}
Event: 1911.658 GC heap before
{Heap before GC invocations=545 (full 451):
 PSYoungGen      total 53248K, used 39936K [0x00000000f5580000, 0x00000000f9b80000, 0x0000000100000000)
  eden space 39936K, 100% used [0x00000000f5580000,0x00000000f7c80000,0x00000000f7c80000)
  from space 13312K, 0% used [0x00000000f8b80000,0x00000000f8b80000,0x00000000f9880000)
  to   space 14848K, 0% used [0x00000000f7c80000,0x00000000f7c80000,0x00000000f8b00000)
 ParOldGen       total 349696K, used 349695K [0x00000000e0000000, 0x00000000f5580000, 0x00000000f5580000)
  object space 349696K, 99% used [0x00000000e0000000,0x00000000f557ffd8,0x00000000f5580000)
 Metaspace       used 54911K, committed 55936K, reserved 1105920K
  class space    used 5258K, committed 5696K, reserved 1048576K
}
Event: 1913.257 GC heap after
{Heap after GC invocations=545 (full 451):
 PSYoungGen      total 54784K, used 39936K [0x00000000f5580000, 0x00000000f9b80000, 0x0000000100000000)
  eden space 39936K, 100% used [0x00000000f5580000,0x00000000f7c80000,0x00000000f7c80000)
  from space 14848K, 0% used [0x00000000f7c80000,0x00000000f7c80000,0x00000000f8b00000)
  to   space 13312K, 0% used [0x00000000f8b80000,0x00000000f8b80000,0x00000000f9880000)
 ParOldGen       total 349696K, used 349695K [0x00000000e0000000, 0x00000000f5580000, 0x00000000f5580000)
  object space 349696K, 99% used [0x00000000e0000000,0x00000000f557ffd8,0x00000000f5580000)
 Metaspace       used 54911K, committed 55936K, reserved 1105920K
  class space    used 5258K, committed 5696K, reserved 1048576K
}
Event: 1913.261 GC heap before
{Heap before GC invocations=546 (full 452):
 PSYoungGen      total 54784K, used 39936K [0x00000000f5580000, 0x00000000f9b80000, 0x0000000100000000)
  eden space 39936K, 100% used [0x00000000f5580000,0x00000000f7c80000,0x00000000f7c80000)
  from space 14848K, 0% used [0x00000000f7c80000,0x00000000f7c80000,0x00000000f8b00000)
  to   space 13312K, 0% used [0x00000000f8b80000,0x00000000f8b80000,0x00000000f9880000)
 ParOldGen       total 349696K, used 349695K [0x00000000e0000000, 0x00000000f5580000, 0x00000000f5580000)
  object space 349696K, 99% used [0x00000000e0000000,0x00000000f557ffd8,0x00000000f5580000)
 Metaspace       used 54911K, committed 55936K, reserved 1105920K
  class space    used 5258K, committed 5696K, reserved 1048576K
}
Event: 1915.068 GC heap after
{Heap after GC invocations=546 (full 452):
 PSYoungGen      total 53248K, used 39935K [0x00000000f5580000, 0x00000000f9b80000, 0x0000000100000000)
  eden space 39936K, 99% used [0x00000000f5580000,0x00000000f7c7ffe0,0x00000000f7c80000)
  from space 13312K, 0% used [0x00000000f8b80000,0x00000000f8b80000,0x00000000f9880000)
  to   space 14848K, 0% used [0x00000000f7c80000,0x00000000f7c80000,0x00000000f8b00000)
 ParOldGen       total 349696K, used 349695K [0x00000000e0000000, 0x00000000f5580000, 0x00000000f5580000)
  object space 349696K, 99% used [0x00000000e0000000,0x00000000f557ffb8,0x00000000f5580000)
 Metaspace       used 54911K, committed 55936K, reserved 1105920K
  class space    used 5258K, committed 5696K, reserved 1048576K
}
Event: 1915.068 GC heap before
{Heap before GC invocations=547 (full 453):
 PSYoungGen      total 53248K, used 39935K [0x00000000f5580000, 0x00000000f9b80000, 0x0000000100000000)
  eden space 39936K, 99% used [0x00000000f5580000,0x00000000f7c7ffe0,0x00000000f7c80000)
  from space 13312K, 0% used [0x00000000f8b80000,0x00000000f8b80000,0x00000000f9880000)
  to   space 14848K, 0% used [0x00000000f7c80000,0x00000000f7c80000,0x00000000f8b00000)
 ParOldGen       total 349696K, used 349695K [0x00000000e0000000, 0x00000000f5580000, 0x00000000f5580000)
  object space 349696K, 99% used [0x00000000e0000000,0x00000000f557ffb8,0x00000000f5580000)
 Metaspace       used 54911K, committed 55936K, reserved 1105920K
  class space    used 5258K, committed 5696K, reserved 1048576K
}
Event: 1916.839 GC heap after
{Heap after GC invocations=547 (full 453):
 PSYoungGen      total 54784K, used 39935K [0x00000000f5580000, 0x00000000f9b80000, 0x0000000100000000)
  eden space 39936K, 99% used [0x00000000f5580000,0x00000000f7c7ffe0,0x00000000f7c80000)
  from space 14848K, 0% used [0x00000000f7c80000,0x00000000f7c80000,0x00000000f8b00000)
  to   space 13312K, 0% used [0x00000000f8b80000,0x00000000f8b80000,0x00000000f9880000)
 ParOldGen       total 349696K, used 349695K [0x00000000e0000000, 0x00000000f5580000, 0x00000000f5580000)
  object space 349696K, 99% used [0x00000000e0000000,0x00000000f557ffb8,0x00000000f5580000)
 Metaspace       used 54911K, committed 55936K, reserved 1105920K
  class space    used 5258K, committed 5696K, reserved 1048576K
}
Event: 1916.842 GC heap before
{Heap before GC invocations=548 (full 454):
 PSYoungGen      total 54784K, used 39936K [0x00000000f5580000, 0x00000000f9b80000, 0x0000000100000000)
  eden space 39936K, 100% used [0x00000000f5580000,0x00000000f7c80000,0x00000000f7c80000)
  from space 14848K, 0% used [0x00000000f7c80000,0x00000000f7c80000,0x00000000f8b00000)
  to   space 13312K, 0% used [0x00000000f8b80000,0x00000000f8b80000,0x00000000f9880000)
 ParOldGen       total 349696K, used 349695K [0x00000000e0000000, 0x00000000f5580000, 0x00000000f5580000)
  object space 349696K, 99% used [0x00000000e0000000,0x00000000f557ffb8,0x00000000f5580000)
 Metaspace       used 54911K, committed 55936K, reserved 1105920K
  class space    used 5258K, committed 5696K, reserved 1048576K
}
Event: 1918.987 GC heap after
{Heap after GC invocations=548 (full 454):
 PSYoungGen      total 53248K, used 39935K [0x00000000f5580000, 0x00000000f9b80000, 0x0000000100000000)
  eden space 39936K, 99% used [0x00000000f5580000,0x00000000f7c7ffe0,0x00000000f7c80000)
  from space 13312K, 0% used [0x00000000f8b80000,0x00000000f8b80000,0x00000000f9880000)
  to   space 14848K, 0% used [0x00000000f7c80000,0x00000000f7c80000,0x00000000f8b00000)
 ParOldGen       total 349696K, used 349695K [0x00000000e0000000, 0x00000000f5580000, 0x00000000f5580000)
  object space 349696K, 99% used [0x00000000e0000000,0x00000000f557ffb8,0x00000000f5580000)
 Metaspace       used 54911K, committed 55936K, reserved 1105920K
  class space    used 5258K, committed 5696K, reserved 1048576K
}
Event: 1918.987 GC heap before
{Heap before GC invocations=549 (full 455):
 PSYoungGen      total 53248K, used 39935K [0x00000000f5580000, 0x00000000f9b80000, 0x0000000100000000)
  eden space 39936K, 99% used [0x00000000f5580000,0x00000000f7c7ffe0,0x00000000f7c80000)
  from space 13312K, 0% used [0x00000000f8b80000,0x00000000f8b80000,0x00000000f9880000)
  to   space 14848K, 0% used [0x00000000f7c80000,0x00000000f7c80000,0x00000000f8b00000)
 ParOldGen       total 349696K, used 349695K [0x00000000e0000000, 0x00000000f5580000, 0x00000000f5580000)
  object space 349696K, 99% used [0x00000000e0000000,0x00000000f557ffb8,0x00000000f5580000)
 Metaspace       used 54911K, committed 55936K, reserved 1105920K
  class space    used 5258K, committed 5696K, reserved 1048576K
}
Event: 1921.721 GC heap after
{Heap after GC invocations=549 (full 455):
 PSYoungGen      total 54784K, used 39935K [0x00000000f5580000, 0x00000000f9b80000, 0x0000000100000000)
  eden space 39936K, 99% used [0x00000000f5580000,0x00000000f7c7ffe0,0x00000000f7c80000)
  from space 14848K, 0% used [0x00000000f7c80000,0x00000000f7c80000,0x00000000f8b00000)
  to   space 13312K, 0% used [0x00000000f8b80000,0x00000000f8b80000,0x00000000f9880000)
 ParOldGen       total 349696K, used 349695K [0x00000000e0000000, 0x00000000f5580000, 0x00000000f5580000)
  object space 349696K, 99% used [0x00000000e0000000,0x00000000f557ffb8,0x00000000f5580000)
 Metaspace       used 54911K, committed 55936K, reserved 1105920K
  class space    used 5258K, committed 5696K, reserved 1048576K
}
Event: 1921.730 GC heap before
{Heap before GC invocations=550 (full 456):
 PSYoungGen      total 54784K, used 39936K [0x00000000f5580000, 0x00000000f9b80000, 0x0000000100000000)
  eden space 39936K, 100% used [0x00000000f5580000,0x00000000f7c80000,0x00000000f7c80000)
  from space 14848K, 0% used [0x00000000f7c80000,0x00000000f7c80000,0x00000000f8b00000)
  to   space 13312K, 0% used [0x00000000f8b80000,0x00000000f8b80000,0x00000000f9880000)
 ParOldGen       total 349696K, used 349695K [0x00000000e0000000, 0x00000000f5580000, 0x00000000f5580000)
  object space 349696K, 99% used [0x00000000e0000000,0x00000000f557fff0,0x00000000f5580000)
 Metaspace       used 54911K, committed 55936K, reserved 1105920K
  class space    used 5258K, committed 5696K, reserved 1048576K
}
Event: 1923.633 GC heap after
{Heap after GC invocations=550 (full 456):
 PSYoungGen      total 53248K, used 39936K [0x00000000f5580000, 0x00000000f9b80000, 0x0000000100000000)
  eden space 39936K, 100% used [0x00000000f5580000,0x00000000f7c80000,0x00000000f7c80000)
  from space 13312K, 0% used [0x00000000f8b80000,0x00000000f8b80000,0x00000000f9880000)
  to   space 14848K, 0% used [0x00000000f7c80000,0x00000000f7c80000,0x00000000f8b00000)
 ParOldGen       total 349696K, used 349695K [0x00000000e0000000, 0x00000000f5580000, 0x00000000f5580000)
  object space 349696K, 99% used [0x00000000e0000000,0x00000000f557fff0,0x00000000f5580000)
 Metaspace       used 54911K, committed 55936K, reserved 1105920K
  class space    used 5258K, committed 5696K, reserved 1048576K
}
Event: 1923.633 GC heap before
{Heap before GC invocations=551 (full 457):
 PSYoungGen      total 53248K, used 39936K [0x00000000f5580000, 0x00000000f9b80000, 0x0000000100000000)
  eden space 39936K, 100% used [0x00000000f5580000,0x00000000f7c80000,0x00000000f7c80000)
  from space 13312K, 0% used [0x00000000f8b80000,0x00000000f8b80000,0x00000000f9880000)
  to   space 14848K, 0% used [0x00000000f7c80000,0x00000000f7c80000,0x00000000f8b00000)
 ParOldGen       total 349696K, used 349695K [0x00000000e0000000, 0x00000000f5580000, 0x00000000f5580000)
  object space 349696K, 99% used [0x00000000e0000000,0x00000000f557fff0,0x00000000f5580000)
 Metaspace       used 54911K, committed 55936K, reserved 1105920K
  class space    used 5258K, committed 5696K, reserved 1048576K
}
Event: 1925.150 GC heap after
{Heap after GC invocations=551 (full 457):
 PSYoungGen      total 54784K, used 39936K [0x00000000f5580000, 0x00000000f9b80000, 0x0000000100000000)
  eden space 39936K, 100% used [0x00000000f5580000,0x00000000f7c80000,0x00000000f7c80000)
  from space 14848K, 0% used [0x00000000f7c80000,0x00000000f7c80000,0x00000000f8b00000)
  to   space 13312K, 0% used [0x00000000f8b80000,0x00000000f8b80000,0x00000000f9880000)
 ParOldGen       total 349696K, used 349695K [0x00000000e0000000, 0x00000000f5580000, 0x00000000f5580000)
  object space 349696K, 99% used [0x00000000e0000000,0x00000000f557fff0,0x00000000f5580000)
 Metaspace       used 54911K, committed 55936K, reserved 1105920K
  class space    used 5258K, committed 5696K, reserved 1048576K
}

Dll operation events (8 events):
Event: 0.028 Loaded shared library /nix/store/gpxl5qgg8kicmcvivwmybwjlpf7wh20l-graalvm17-ce-22.3.0/lib/libjava.so
Event: 0.052 Loaded shared library /nix/store/gpxl5qgg8kicmcvivwmybwjlpf7wh20l-graalvm17-ce-22.3.0/lib/libjsvml.so
Event: 0.333 Loaded shared library /nix/store/gpxl5qgg8kicmcvivwmybwjlpf7wh20l-graalvm17-ce-22.3.0/lib/libjvmcicompiler.so
Event: 0.348 Loaded shared library /nix/store/gpxl5qgg8kicmcvivwmybwjlpf7wh20l-graalvm17-ce-22.3.0/lib/libnio.so
Event: 0.360 Loaded shared library /nix/store/gpxl5qgg8kicmcvivwmybwjlpf7wh20l-graalvm17-ce-22.3.0/lib/libzip.so
Event: 0.867 Loaded shared library /nix/store/gpxl5qgg8kicmcvivwmybwjlpf7wh20l-graalvm17-ce-22.3.0/lib/libjimage.so
Event: 3.150 Loaded shared library /nix/store/gpxl5qgg8kicmcvivwmybwjlpf7wh20l-graalvm17-ce-22.3.0/lib/libnet.so
Event: 4.457 Loaded shared library /home/runner/.cache/jdt-language-server/config/org.eclipse.equinox.launcher/org.eclipse.equinox.launcher.gtk.linux.x86_64_1.2.400.v20211117-0650/eclipse_11600.so

Deoptimization events (20 events):
Event: 1036.664 Thread 0x00007f7c182b0cb0 DEOPT PACKING pc=0x00007f7c6c7f818b sp=0x00007f7c68efd110
Event: 1036.664 Thread 0x00007f7c182b0cb0 DEOPT UNPACKING pc=0x00007f7c6b505325 sp=0x00007f7c68efc5a8 mode 0
Event: 1063.972 Thread 0x00007f7c1825cc40 DEOPT PACKING pc=0x00007f7c6c033c41 sp=0x00007f7c327fd320
Event: 1063.972 Thread 0x00007f7c1825cc40 DEOPT UNPACKING pc=0x00007f7c6b505325 sp=0x00007f7c327fc778 mode 0
Event: 1898.711 Thread 0x00007f7c20631e60 Uncommon trap: trap_request=0xffffff8f fr.pc=0x00007f7c7321af94 relative=0x0000000000000274
Event: 1898.711 Thread 0x00007f7c20631e60 Uncommon trap: reason=constraint action=none pc=0x00007f7c7321af94 method=org.eclipse.jdt.internal.core.index.DiskIndex$IntList.add(I)V @ 0 jvmci
Event: 1898.711 Thread 0x00007f7c20631e60 DEOPT PACKING pc=0x00007f7c7321af94 sp=0x00007f7c32dfe520
Event: 1898.711 Thread 0x00007f7c20631e60 DEOPT UNPACKING pc=0x00007f7c6b505325 sp=0x00007f7c32dfd9c0 mode 3
Event: 1913.260 Thread 0x00007f7c1825cc40 Uncommon trap: trap_request=0xffffff8f fr.pc=0x00007f7c73027cbf relative=0x000000000000019f
Event: 1913.260 Thread 0x00007f7c1825cc40 Uncommon trap: reason=constraint action=none pc=0x00007f7c73027cbf method=java.util.Arrays.copyOf([BI)[B @ 0 jvmci
Event: 1913.260 Thread 0x00007f7c1825cc40 DEOPT PACKING pc=0x00007f7c73027cbf sp=0x00007f7c327fddb0
Event: 1913.260 Thread 0x00007f7c1825cc40 DEOPT UNPACKING pc=0x00007f7c6b505325 sp=0x00007f7c327fd240 mode 3
Event: 1916.841 Thread 0x000055ba1473e9a0 Uncommon trap: trap_request=0xffffff8f fr.pc=0x00007f7c72ff5835 relative=0x0000000000000395
Event: 1916.841 Thread 0x000055ba1473e9a0 Uncommon trap: reason=constraint action=none pc=0x00007f7c72ff5835 method=java.lang.String.<init>([C)V @ 0 jvmci
Event: 1916.841 Thread 0x000055ba1473e9a0 DEOPT PACKING pc=0x00007f7c72ff5835 sp=0x00007f7c329fe780
Event: 1916.841 Thread 0x000055ba1473e9a0 DEOPT UNPACKING pc=0x00007f7c6b505325 sp=0x00007f7c329fdc28 mode 3
Event: 1921.729 Thread 0x000055ba1473e9a0 Uncommon trap: trap_request=0xffffff8f fr.pc=0x00007f7c72fedeae relative=0x000000000000040e
Event: 1921.729 Thread 0x000055ba1473e9a0 Uncommon trap: reason=constraint action=none pc=0x00007f7c72fedeae method=java.lang.String.<init>([CIILjava/lang/Void;)V @ 0 jvmci
Event: 1925.151 Thread 0x000055ba1473e9a0 DEOPT PACKING pc=0x00007f7c72fedeae sp=0x00007f7c329fe6e0
Event: 1925.151 Thread 0x000055ba1473e9a0 DEOPT UNPACKING pc=0x00007f7c6b505325 sp=0x00007f7c329fdb90 mode 3

Classes unloaded (20 events):
Event: 905.260 Thread 0x00007f7c840a1b30 Unloading class 0x0000000800d90000 'java/lang/invoke/LambdaForm$MH+0x0000000800d90000'
Event: 905.260 Thread 0x00007f7c840a1b30 Unloading class 0x0000000800cb2800 'java/lang/invoke/LambdaForm$MH+0x0000000800cb2800'
Event: 905.260 Thread 0x00007f7c840a1b30 Unloading class 0x0000000800cb2000 'java/lang/invoke/LambdaForm$MH+0x0000000800cb2000'
Event: 905.260 Thread 0x00007f7c840a1b30 Unloading class 0x0000000800cb1c00 'java/lang/invoke/LambdaForm$MH+0x0000000800cb1c00'
Event: 905.260 Thread 0x00007f7c840a1b30 Unloading class 0x0000000800cb1800 'java/lang/invoke/LambdaForm$MH+0x0000000800cb1800'
Event: 905.260 Thread 0x00007f7c840a1b30 Unloading class 0x0000000800cb1000 'java/lang/invoke/LambdaForm$MH+0x0000000800cb1000'
Event: 905.260 Thread 0x00007f7c840a1b30 Unloading class 0x0000000800cb0c00 'java/lang/invoke/LambdaForm$MH+0x0000000800cb0c00'
Event: 905.260 Thread 0x00007f7c840a1b30 Unloading class 0x0000000800cb0800 'java/lang/invoke/LambdaForm$MH+0x0000000800cb0800'
Event: 905.260 Thread 0x00007f7c840a1b30 Unloading class 0x0000000800cb0000 'java/lang/invoke/LambdaForm$MH+0x0000000800cb0000'
Event: 905.260 Thread 0x00007f7c840a1b30 Unloading class 0x0000000800c85000 'jdk/internal/reflect/GeneratedMethodAccessor5'
Event: 905.260 Thread 0x00007f7c840a1b30 Unloading class 0x0000000800c84c00 'jdk/internal/reflect/GeneratedMethodAccessor4'
Event: 905.260 Thread 0x00007f7c840a1b30 Unloading class 0x0000000800c84800 'jdk/internal/reflect/GeneratedMethodAccessor3'
Event: 905.260 Thread 0x00007f7c840a1b30 Unloading class 0x0000000800c84400 'jdk/internal/reflect/GeneratedMethodAccessor2'
Event: 905.260 Thread 0x00007f7c840a1b30 Unloading class 0x0000000800c84000 'jdk/internal/reflect/GeneratedMethodAccessor1'
Event: 905.260 Thread 0x00007f7c840a1b30 Unloading class 0x0000000800c01c00 'java/lang/invoke/LambdaForm$DMH+0x0000000800c01c00'
Event: 1030.639 Thread 0x00007f7c840a1b30 Unloading class 0x0000000801138c00 'jdk/internal/reflect/GeneratedMethodAccessor14'
Event: 1030.639 Thread 0x00007f7c840a1b30 Unloading class 0x0000000800e05c00 'jdk/internal/reflect/GeneratedMethodAccessor8'
Event: 1038.653 Thread 0x00007f7c840a1b30 Unloading class 0x0000000801078400 'jdk/internal/reflect/GeneratedMethodAccessor10'
Event: 1059.254 Thread 0x00007f7c840a1b30 Unloading class 0x0000000801180400 'jdk/internal/reflect/GeneratedConstructorAccessor25'
Event: 1195.349 Thread 0x00007f7c840a1b30 Unloading class 0x0000000800ffc800 'jdk/internal/reflect/GeneratedConstructorAccessor14'

Classes redefined (0 events):
No events

Internal exceptions (20 events):
Event: 916.150 Thread 0x00007f7c182b0cb0 Exception <a 'java/lang/ArrayIndexOutOfBoundsException'{0x00000000f6a3c1d0}> (0x00000000f6a3c1d0) 
thrown [src/hotspot/share/runtime/sharedRuntime.cpp, line 628]
Event: 916.150 Thread 0x00007f7c182b0cb0 Exception <a 'java/lang/ArrayIndexOutOfBoundsException'{0x00000000f6a3c538}> (0x00000000f6a3c538) 
thrown [src/hotspot/share/runtime/sharedRuntime.cpp, line 628]
Event: 916.150 Thread 0x00007f7c182b0cb0 Exception <a 'java/lang/ArrayIndexOutOfBoundsException'{0x00000000f6a3c8a0}> (0x00000000f6a3c8a0) 
thrown [src/hotspot/share/runtime/sharedRuntime.cpp, line 628]
Event: 916.330 Thread 0x00007f7c182b0cb0 Exception <a 'java/lang/ArrayIndexOutOfBoundsException'{0x00000000f5680cf8}> (0x00000000f5680cf8) 
thrown [src/hotspot/share/runtime/sharedRuntime.cpp, line 628]
Event: 916.330 Thread 0x00007f7c182b0cb0 Exception <a 'java/lang/ArrayIndexOutOfBoundsException'{0x00000000f5681060}> (0x00000000f5681060) 
thrown [src/hotspot/share/runtime/sharedRuntime.cpp, line 628]
Event: 916.330 Thread 0x00007f7c182b0cb0 Exception <a 'java/lang/ArrayIndexOutOfBoundsException'{0x00000000f56813c8}> (0x00000000f56813c8) 
thrown [src/hotspot/share/runtime/sharedRuntime.cpp, line 628]
Event: 954.431 Thread 0x00007f7c182b0cb0 Exception <a 'java/lang/ArrayIndexOutOfBoundsException'{0x00000000f7be6550}> (0x00000000f7be6550) 
thrown [src/hotspot/share/runtime/sharedRuntime.cpp, line 628]
Event: 954.431 Thread 0x00007f7c182b0cb0 Exception <a 'java/lang/ArrayIndexOutOfBoundsException'{0x00000000f7be68b8}> (0x00000000f7be68b8) 
thrown [src/hotspot/share/runtime/sharedRuntime.cpp, line 628]
Event: 954.431 Thread 0x00007f7c182b0cb0 Exception <a 'java/lang/ArrayIndexOutOfBoundsException'{0x00000000f7be6c20}> (0x00000000f7be6c20) 
thrown [src/hotspot/share/runtime/sharedRuntime.cpp, line 628]
Event: 954.431 Thread 0x00007f7c182b0cb0 Implicit null exception at 0x00007f7c730bc4da to 0x00007f7c730bc877
Event: 1869.805 Thread 0x00007f7c1825cc40 Exception <a 'java/lang/OutOfMemoryError'{0x00000000e00cfd28}> (0x00000000e00cfd28) 
thrown [src/hotspot/share/gc/shared/memAllocator.cpp, line 136]
Event: 1898.711 Thread 0x00007f7c20631e60 Exception <a 'java/lang/OutOfMemoryError'{0x00000000e00d02c8}> (0x00000000e00d02c8) 
thrown [src/hotspot/share/gc/shared/memAllocator.cpp, line 138]
Event: 1898.711 Thread 0x00007f7c20631e60 Implicit null exception at 0x00007f7c7321aeed to 0x00007f7c7321af79
Event: 1913.260 Thread 0x00007f7c1825cc40 Exception <a 'java/lang/OutOfMemoryError'{0x00000000e00cfff8}> (0x00000000e00cfff8) 
thrown [src/hotspot/share/gc/shared/memAllocator.cpp, line 138]
Event: 1913.260 Thread 0x00007f7c1825cc40 Implicit null exception at 0x00007f7c73027c59 to 0x00007f7c73027ca4
Event: 1916.841 Thread 0x000055ba1473e9a0 Exception <a 'java/lang/OutOfMemoryError'{0x00000000e00cfff8}> (0x00000000e00cfff8) 
thrown [src/hotspot/share/gc/shared/memAllocator.cpp, line 138]
Event: 1916.841 Thread 0x000055ba1473e9a0 Implicit null exception at 0x00007f7c72ff56b1 to 0x00007f7c72ff581a
Event: 1921.728 Thread 0x000055ba1473e9a0 Exception <a 'java/lang/OutOfMemoryError'{0x00000000e00cfff8}> (0x00000000e00cfff8) 
thrown [src/hotspot/share/gc/shared/memAllocator.cpp, line 138]
Event: 1921.728 Thread 0x000055ba1473e9a0 Implicit null exception at 0x00007f7c72fedcda to 0x00007f7c72fede93
Event: 1925.151 Thread 0x00007f7c840b2120 Exception <a 'java/lang/OutOfMemoryError'{0x00000000e00d0318}> (0x00000000e00d0318) 
thrown [src/hotspot/share/gc/shared/memAllocator.cpp, line 136]

VM Operations (20 events):
Event: 1900.643 Executing VM operation: ParallelGCFailedAllocation done
Event: 1900.643 Executing VM operation: ParallelGCFailedAllocation
Event: 1902.502 Executing VM operation: ParallelGCFailedAllocation done
Event: 1902.502 Executing VM operation: ParallelGCFailedAllocation
Event: 1904.199 Executing VM operation: ParallelGCFailedAllocation done
Event: 1904.199 Executing VM operation: ParallelGCFailedAllocation
Event: 1905.913 Executing VM operation: ParallelGCFailedAllocation done
Event: 1905.913 Executing VM operation: ParallelGCFailedAllocation
Event: 1907.936 Executing VM operation: ParallelGCFailedAllocation done
Event: 1907.936 Executing VM operation: ParallelGCFailedAllocation
Event: 1909.934 Executing VM operation: ParallelGCFailedAllocation done
Event: 1909.934 Executing VM operation: ParallelGCFailedAllocation
Event: 1913.260 Executing VM operation: ParallelGCFailedAllocation done
Event: 1913.260 Executing VM operation: ParallelGCFailedAllocation
Event: 1916.841 Executing VM operation: ParallelGCFailedAllocation done
Event: 1916.841 Executing VM operation: ParallelGCFailedAllocation
Event: 1921.721 Executing VM operation: ParallelGCFailedAllocation done
Event: 1921.728 Executing VM operation: ParallelGCFailedAllocation
Event: 1925.151 Executing VM operation: ParallelGCFailedAllocation done
Event: 1925.151 Executing VM operation: ParallelGCFailedAllocation

Events (20 events):
Event: 930.427 Thread 0x00007f7c840b4a80 flushing nmethod 0x00007f7c6c8c3c10
Event: 930.427 Thread 0x00007f7c840b4a80 flushing nmethod 0x00007f7c6c8c4f90
Event: 930.427 Thread 0x00007f7c840b4a80 flushing nmethod 0x00007f7c6c8cb110
Event: 930.427 Thread 0x00007f7c840b4a80 flushing nmethod 0x00007f7c6c8e1a90
Event: 930.428 Thread 0x00007f7c840b4a80 flushing nmethod 0x00007f7c6c8f6010
Event: 930.428 Thread 0x00007f7c840b4a80 flushing nmethod 0x00007f7c6c959a90
Event: 930.428 Thread 0x00007f7c840b4a80 flushing nmethod 0x00007f7c6c95a810
Event: 930.428 Thread 0x00007f7c840b4a80 flushing nmethod 0x00007f7c6c96bb90
Event: 930.429 Thread 0x00007f7c840b4a80 flushing nmethod 0x00007f7c6ca81110
Event: 930.429 Thread 0x00007f7c840b4a80 flushing nmethod 0x00007f7c6ca82490
Event: 930.429 Thread 0x00007f7c840b4a80 flushing nmethod 0x00007f7c6ca9c410
Event: 930.429 Thread 0x00007f7c840b4a80 flushing nmethod 0x00007f7c6cac6a10
Event: 954.327 Thread 0x00007f7c182b0cb0 Thread added: 0x00007f7c182b0cb0
Event: 954.327 Protecting memory [0x00007f7c68e00000,0x00007f7c68e04000] with protection modes 0
Event: 1026.102 Thread 0x00007f7c181397f0 Thread exited: 0x00007f7c181397f0
Event: 1026.103 Thread 0x00007f7c040010d0 Thread exited: 0x00007f7c040010d0
Event: 1045.771 Thread 0x00007f7c182b0cb0 Thread exited: 0x00007f7c182b0cb0
Event: 1051.930 Thread 0x000055ba14862d00 Thread exited: 0x000055ba14862d00
Event: 1225.474 Thread 0x00007f7c40005f40 Thread added: 0x00007f7c40005f40
Event: 1225.474 Protecting memory [0x00007f7c68300000,0x00007f7c68304000] with protection modes 0


Dynamic libraries:
e0000000-f5580000 rw-p 00000000 00:00 0 
f5580000-f9b80000 rw-p 00000000 00:00 0 
f9b80000-100000000 ---p 00000000 00:00 0 
800000000-800449000 rw-p 00001000 00:c7d 4611686019135357769             /nix/store/gpxl5qgg8kicmcvivwmybwjlpf7wh20l-graalvm17-ce-22.3.0/lib/server/classes.jsa
800449000-800bc8000 r--p 0044a000 00:c7d 4611686019135357769             /nix/store/gpxl5qgg8kicmcvivwmybwjlpf7wh20l-graalvm17-ce-22.3.0/lib/server/classes.jsa
800bc8000-800c00000 ---p 00000000 00:00 0 
800c00000-800c20000 rw-p 00000000 00:00 0 
800c20000-800c40000 rw-p 00000000 00:00 0 
800c40000-800cc0000 rw-p 00000000 00:00 0 
800cc0000-800d00000 rw-p 00000000 00:00 0 
800d00000-800dc0000 rw-p 00000000 00:00 0 
800dc0000-800e00000 rw-p 00000000 00:00 0 
800e00000-801150000 rw-p 00000000 00:00 0 
801150000-801180000 ---p 00000000 00:00 0 
801180000-8011c0000 rw-p 00000000 00:00 0 
8011c0000-840c00000 ---p 00000000 00:00 0 
55ba12c23000-55ba12c24000 r-xp 00000000 00:c7d 4611686019099417844       /nix/store/gpxl5qgg8kicmcvivwmybwjlpf7wh20l-graalvm17-ce-22.3.0/bin/.java-wrapped
55ba12c25000-55ba12c26000 r--p 00001000 00:c7d 4611686019099417844       /nix/store/gpxl5qgg8kicmcvivwmybwjlpf7wh20l-graalvm17-ce-22.3.0/bin/.java-wrapped
55ba12c26000-55ba12c27000 rw-p 00002000 00:c7d 4611686019099417844       /nix/store/gpxl5qgg8kicmcvivwmybwjlpf7wh20l-graalvm17-ce-22.3.0/bin/.java-wrapped
55ba12c27000-55ba12c28000 rw-p 00004000 00:c7d 4611686019099417844       /nix/store/gpxl5qgg8kicmcvivwmybwjlpf7wh20l-graalvm17-ce-22.3.0/bin/.java-wrapped
55ba12c28000-55ba12c29000 rw-p 00005000 00:c7d 4611686019099417844       /nix/store/gpxl5qgg8kicmcvivwmybwjlpf7wh20l-graalvm17-ce-22.3.0/bin/.java-wrapped
55ba14716000-55ba1488c000 rw-p 00000000 00:00 0                          [heap]
7f7bfa4b3000-7f7c04000000 r--s 00000000 00:c7d 4611686019135192581       /nix/store/gpxl5qgg8kicmcvivwmybwjlpf7wh20l-graalvm17-ce-22.3.0/lib/modules
7f7c04000000-7f7c043f8000 rw-p 00000000 00:00 0 
7f7c043f8000-7f7c08000000 ---p 00000000 00:00 0 
7f7c0a400000-7f7c0a4f0000 rw-p 00000000 00:00 0 
7f7c0a4f0000-7f7c0a500000 ---p 00000000 00:00 0 
7f7c0a500000-7f7c0a520000 rw-p 00000000 00:00 0 
7f7c0a520000-7f7c0ac00000 ---p 00000000 00:00 0 
7f7c0c000000-7f7c0c021000 rw-p 00000000 00:00 0 
7f7c0c021000-7f7c10000000 ---p 00000000 00:00 0 
7f7c10000000-7f7c10052000 rw-p 00000000 00:00 0 
7f7c10052000-7f7c14000000 ---p 00000000 00:00 0 
7f7c14000000-7f7c14021000 rw-p 00000000 00:00 0 
7f7c14021000-7f7c18000000 ---p 00000000 00:00 0 
7f7c18000000-7f7c183d6000 rw-p 00000000 00:00 0 
7f7c183d6000-7f7c1c000000 ---p 00000000 00:00 0 
7f7c1c000000-7f7c1c021000 rw-p 00000000 00:00 0 
7f7c1c021000-7f7c20000000 ---p 00000000 00:00 0 
7f7c20000000-7f7c208ff000 rw-p 00000000 00:00 0 
7f7c208ff000-7f7c24000000 ---p 00000000 00:00 0 
7f7c24000000-7f7c24021000 rw-p 00000000 00:00 0 
7f7c24021000-7f7c28000000 ---p 00000000 00:00 0 
7f7c28800000-7f7c29000000 rw-p 00000000 00:00 0 
7f7c29400000-7f7c29700000 rw-p 00000000 00:00 0 
7f7c29700000-7f7c29800000 rw-p 00000000 00:00 0 
7f7c29800000-7f7c29c00000 rw-p 00000000 00:00 0 
7f7c29c00000-7f7c2a400000 rw-p 00000000 00:00 0 
7f7c2a800000-7f7c2a900000 rw-p 00000000 00:00 0 
7f7c2a900000-7f7c2af00000 rw-p 00000000 00:00 0 
7f7c2af00000-7f7c2b000000 rw-p 00000000 00:00 0 
7f7c2b000000-7f7c2b100000 rw-p 00000000 00:00 0 
7f7c2b100000-7f7c2b200000 rw-p 00000000 00:00 0 
7f7c2b200000-7f7c2b760000 rw-p 00000000 00:00 0 
7f7c2b760000-7f7c2b780000 rw-p 00000000 00:00 0 
7f7c2b780000-7f7c2b800000 rw-p 00000000 00:00 0 
7f7c2b800000-7f7c2b810000 r-xp 00000000 00:c0d 360                       /home/runner/.cache/jdt-language-server/config/org.eclipse.equinox.launcher/org.eclipse.equinox.launcher.gtk.linux.x86_64_1.2.400.v20211117-0650/eclipse_11600.so
7f7c2b810000-7f7c2ba0f000 ---p 00010000 00:c0d 360                       /home/runner/.cache/jdt-language-server/config/org.eclipse.equinox.launcher/org.eclipse.equinox.launcher.gtk.linux.x86_64_1.2.400.v20211117-0650/eclipse_11600.so
7f7c2ba0f000-7f7c2ba10000 r--p 0000f000 00:c0d 360                       /home/runner/.cache/jdt-language-server/config/org.eclipse.equinox.launcher/org.eclipse.equinox.launcher.gtk.linux.x86_64_1.2.400.v20211117-0650/eclipse_11600.so
7f7c2ba10000-7f7c2ba11000 rw-p 00010000 00:c0d 360                       /home/runner/.cache/jdt-language-server/config/org.eclipse.equinox.launcher/org.eclipse.equinox.launcher.gtk.linux.x86_64_1.2.400.v20211117-0650/eclipse_11600.so
7f7c2c000000-7f7c2c0b3000 rw-p 00000000 00:00 0 
7f7c2c0b3000-7f7c30000000 ---p 00000000 00:00 0 
7f7c31500000-7f7c31600000 ---p 00000000 00:00 0 
7f7c31600000-7f7c31baf000 r--p 01122000 00:c7d 4611686019135190040       /nix/store/gpxl5qgg8kicmcvivwmybwjlpf7wh20l-graalvm17-ce-22.3.0/lib/libjvmcicompiler.so
7f7c31baf000-7f7c31d00000 r--p 00000000 00:00 0 
7f7c31d00000-7f7c31d3d000 rw-p 00000000 00:00 0 
7f7c31d3d000-7f7c3225d000 rw-p 0185f000 00:c7d 4611686019135190040       /nix/store/gpxl5qgg8kicmcvivwmybwjlpf7wh20l-graalvm17-ce-22.3.0/lib/libjvmcicompiler.so
7f7c3225d000-7f7c32644000 r--p 01d7f000 00:c7d 4611686019135190040       /nix/store/gpxl5qgg8kicmcvivwmybwjlpf7wh20l-graalvm17-ce-22.3.0/lib/libjvmcicompiler.so
7f7c32700000-7f7c32704000 ---p 00000000 00:00 0 
7f7c32704000-7f7c32800000 rw-p 00000000 00:00 0 
7f7c32900000-7f7c32904000 ---p 00000000 00:00 0 
7f7c32904000-7f7c32a00000 rw-p 00000000 00:00 0 
7f7c32b00000-7f7c32b04000 ---p 00000000 00:00 0 
7f7c32b04000-7f7c32c00000 rw-p 00000000 00:00 0 
7f7c32d00000-7f7c32d04000 ---p 00000000 00:00 0 
7f7c32d04000-7f7c32e00000 rw-p 00000000 00:00 0 
7f7c33a68000-7f7c33f00000 rw-p 00000000 00:00 0 
7f7c34000000-7f7c34021000 rw-p 00000000 00:00 0 
7f7c34021000-7f7c38000000 ---p 00000000 00:00 0 
7f7c38000000-7f7c38021000 rw-p 00000000 00:00 0 
7f7c38021000-7f7c3c000000 ---p 00000000 00:00 0 
7f7c3c000000-7f7c3c021000 rw-p 00000000 00:00 0 
7f7c3c021000-7f7c40000000 ---p 00000000 00:00 0 
7f7c40000000-7f7c40021000 rw-p 00000000 00:00 0 
7f7c40021000-7f7c44000000 ---p 00000000 00:00 0 
7f7c44000000-7f7c440d9000 rw-p 00000000 00:00 0 
7f7c440d9000-7f7c48000000 ---p 00000000 00:00 0 
7f7c48000000-7f7c48aa4000 rw-p 00000000 00:00 0 
7f7c48aa4000-7f7c4c000000 ---p 00000000 00:00 0 
7f7c4c000000-7f7c4c021000 rw-p 00000000 00:00 0 
7f7c4c021000-7f7c50000000 ---p 00000000 00:00 0 
7f7c50000000-7f7c50021000 rw-p 00000000 00:00 0 
7f7c50021000-7f7c54000000 ---p 00000000 00:00 0 
7f7c54000000-7f7c54021000 rw-p 00000000 00:00 0 
7f7c54021000-7f7c58000000 ---p 00000000 00:00 0 
7f7c58000000-7f7c58021000 rw-p 00000000 00:00 0 
7f7c58021000-7f7c5c000000 ---p 00000000 00:00 0 
7f7c5c000000-7f7c5c021000 rw-p 00000000 00:00 0 
7f7c5c021000-7f7c60000000 ---p 00000000 00:00 0 
7f7c60000000-7f7c60021000 rw-p 00000000 00:00 0 
7f7c60021000-7f7c64000000 ---p 00000000 00:00 0 
7f7c64000000-7f7c64055000 rw-p 00000000 00:00 0 
7f7c64055000-7f7c68000000 ---p 00000000 00:00 0 
7f7c68100000-7f7c68104000 ---p 00000000 00:00 0 
7f7c68104000-7f7c68200000 rw-p 00000000 00:00 0 
7f7c68300000-7f7c68304000 ---p 00000000 00:00 0 
7f7c68304000-7f7c68400000 rw-p 00000000 00:00 0 
7f7c68500000-7f7c68504000 ---p 00000000 00:00 0 
7f7c68504000-7f7c68600000 rw-p 00000000 00:00 0 
7f7c68600000-7f7c68604000 ---p 00000000 00:00 0 
7f7c68604000-7f7c68700000 rw-p 00000000 00:00 0 
7f7c68700000-7f7c68704000 ---p 00000000 00:00 0 
7f7c68704000-7f7c68800000 rw-p 00000000 00:00 0 
7f7c68800000-7f7c68804000 ---p 00000000 00:00 0 
7f7c68804000-7f7c68900000 rw-p 00000000 00:00 0 
7f7c68900000-7f7c68904000 ---p 00000000 00:00 0 
7f7c68904000-7f7c68a00000 rw-p 00000000 00:00 0 
7f7c68b00000-7f7c68b04000 ---p 00000000 00:00 0 
7f7c68b04000-7f7c68c00000 rw-p 00000000 00:00 0 
7f7c68d00000-7f7c68d04000 ---p 00000000 00:00 0 
7f7c68d04000-7f7c68e00000 rw-p 00000000 00:00 0 
7f7c68e00000-7f7c68e04000 ---p 00000000 00:00 0 
7f7c68e04000-7f7c68f00000 rw-p 00000000 00:00 0 
7f7c68f00000-7f7c68f04000 ---p 00000000 00:00 0 
7f7c68f04000-7f7c69000000 rw-p 00000000 00:00 0 
7f7c69000000-7f7c6b16a000 r-xp 00000000 00:c7d 4611686019135190040       /nix/store/gpxl5qgg8kicmcvivwmybwjlpf7wh20l-graalvm17-ce-22.3.0/lib/libjvmcicompiler.so
7f7c6b16a000-7f7c6b369000 ---p 0216a000 00:c7d 4611686019135190040       /nix/store/gpxl5qgg8kicmcvivwmybwjlpf7wh20l-graalvm17-ce-22.3.0/lib/libjvmcicompiler.so
7f7c6b369000-7f7c6b36a000 r--p 02169000 00:c7d 4611686019135190040       /nix/store/gpxl5qgg8kicmcvivwmybwjlpf7wh20l-graalvm17-ce-22.3.0/lib/libjvmcicompiler.so
7f7c6b36a000-7f7c6b36c000 rw-p 0216a000 00:c7d 4611686019135190040       /nix/store/gpxl5qgg8kicmcvivwmybwjlpf7wh20l-graalvm17-ce-22.3.0/lib/libjvmcicompiler.so
7f7c6b36c000-7f7c6b36d000 rw-p 00000000 00:00 0 
7f7c6b36d000-7f7c6b372000 rw-p 023c3000 00:c7d 4611686019135190040       /nix/store/gpxl5qgg8kicmcvivwmybwjlpf7wh20l-graalvm17-ce-22.3.0/lib/libjvmcicompiler.so
7f7c6b3b3000-7f7c6b3b7000 ---p 00000000 00:00 0 
7f7c6b3b7000-7f7c6b4b3000 rw-p 00000000 00:00 0 
7f7c6b4b3000-7f7c6b723000 rwxp 00000000 00:00 0 
7f7c6b723000-7f7c6ba42000 ---p 00000000 00:00 0 
7f7c6ba42000-7f7c6cae2000 rwxp 00000000 00:00 0 
7f7c6cae2000-7f7c72f7a000 ---p 00000000 00:00 0 
7f7c72f7a000-7f7c7324a000 rwxp 00000000 00:00 0 
7f7c7324a000-7f7c7a4b3000 ---p 00000000 00:00 0 
7f7c7a4b3000-7f7c84000000 r--s 00000000 00:c7d 4611686019135192581       /nix/store/gpxl5qgg8kicmcvivwmybwjlpf7wh20l-graalvm17-ce-22.3.0/lib/modules
7f7c84000000-7f7c84400000 rw-p 00000000 00:00 0 
7f7c84400000-7f7c88000000 ---p 00000000 00:00 0 
7f7c88018000-7f7c88019000 ---p 00000000 00:00 0 
7f7c88019000-7f7c8811a000 rw-p 00000000 00:00 0 
7f7c8811a000-7f7c8811e000 ---p 00000000 00:00 0 
7f7c8811e000-7f7c8821a000 rw-p 00000000 00:00 0 
7f7c8821a000-7f7c8821e000 ---p 00000000 00:00 0 
7f7c8821e000-7f7c8831a000 rw-p 00000000 00:00 0 
7f7c8831a000-7f7c8831e000 ---p 00000000 00:00 0 
7f7c8831e000-7f7c8841a000 rw-p 00000000 00:00 0 
7f7c8841a000-7f7c8841e000 ---p 00000000 00:00 0 
7f7c8841e000-7f7c8861a000 rw-p 00000000 00:00 0 
7f7c8861a000-7f7c8861e000 ---p 00000000 00:00 0 
7f7c8861e000-7f7c8881a000 rw-p 00000000 00:00 0 
7f7c8881a000-7f7c8881e000 ---p 00000000 00:00 0 
7f7c8881e000-7f7c8891a000 rw-p 00000000 00:00 0 
7f7c8891a000-7f7c8891e000 ---p 00000000 00:00 0 
7f7c8891e000-7f7c88a1a000 rw-p 00000000 00:00 0 
7f7c88a1a000-7f7c88a1e000 ---p 00000000 00:00 0 
7f7c88a1e000-7f7c88b1a000 rw-p 00000000 00:00 0 
7f7c88b1a000-7f7c88e00000 r--p 00000000 00:ed1 28444448                  /usr/lib/locale/locale-archive
7f7c88e00000-7f7c88e04000 ---p 00000000 00:00 0 
7f7c88e04000-7f7c88f00000 rw-p 00000000 00:00 0 
7f7c88f00000-7f7c88f04000 ---p 00000000 00:00 0 
7f7c88f04000-7f7c89400000 rw-p 00000000 00:00 0 
7f7c89400000-7f7c89700000 rw-p 00000000 00:00 0 
7f7c89700000-7f7c89800000 rw-p 00000000 00:00 0 
7f7c8982a000-7f7c8982e000 ---p 00000000 00:00 0 
7f7c8982e000-7f7c8984c000 rw-p 00000000 00:00 0 
7f7c8984c000-7f7c89853000 r-xp 00000000 00:c7d 4611686019135192580       /nix/store/gpxl5qgg8kicmcvivwmybwjlpf7wh20l-graalvm17-ce-22.3.0/lib/libzip.so
7f7c89853000-7f7c89854000 ---p 00007000 00:c7d 4611686019135192580       /nix/store/gpxl5qgg8kicmcvivwmybwjlpf7wh20l-graalvm17-ce-22.3.0/lib/libzip.so
7f7c89854000-7f7c89855000 r--p 00007000 00:c7d 4611686019135192580       /nix/store/gpxl5qgg8kicmcvivwmybwjlpf7wh20l-graalvm17-ce-22.3.0/lib/libzip.so
7f7c89855000-7f7c89856000 rw-p 00008000 00:c7d 4611686019135192580       /nix/store/gpxl5qgg8kicmcvivwmybwjlpf7wh20l-graalvm17-ce-22.3.0/lib/libzip.so
7f7c89856000-7f7c89858000 rw-p 0000b000 00:c7d 4611686019135192580       /nix/store/gpxl5qgg8kicmcvivwmybwjlpf7wh20l-graalvm17-ce-22.3.0/lib/libzip.so
7f7c89858000-7f7c8986d000 r-xp 00000000 00:c7d 4611686019135192570       /nix/store/gpxl5qgg8kicmcvivwmybwjlpf7wh20l-graalvm17-ce-22.3.0/lib/libnet.so
7f7c8986d000-7f7c8986e000 ---p 00015000 00:c7d 4611686019135192570       /nix/store/gpxl5qgg8kicmcvivwmybwjlpf7wh20l-graalvm17-ce-22.3.0/lib/libnet.so
7f7c8986e000-7f7c8986f000 r--p 00015000 00:c7d 4611686019135192570       /nix/store/gpxl5qgg8kicmcvivwmybwjlpf7wh20l-graalvm17-ce-22.3.0/lib/libnet.so
7f7c8986f000-7f7c89870000 rw-p 00016000 00:c7d 4611686019135192570       /nix/store/gpxl5qgg8kicmcvivwmybwjlpf7wh20l-graalvm17-ce-22.3.0/lib/libnet.so
7f7c89870000-7f7c89873000 rw-p 0001b000 00:c7d 4611686019135192570       /nix/store/gpxl5qgg8kicmcvivwmybwjlpf7wh20l-graalvm17-ce-22.3.0/lib/libnet.so
7f7c89873000-7f7c89886000 r-xp 00000000 00:c7d 4611686019135192571       /nix/store/gpxl5qgg8kicmcvivwmybwjlpf7wh20l-graalvm17-ce-22.3.0/lib/libnio.so
7f7c89886000-7f7c89887000 r--p 00012000 00:c7d 4611686019135192571       /nix/store/gpxl5qgg8kicmcvivwmybwjlpf7wh20l-graalvm17-ce-22.3.0/lib/libnio.so
7f7c89887000-7f7c89888000 rw-p 00013000 00:c7d 4611686019135192571       /nix/store/gpxl5qgg8kicmcvivwmybwjlpf7wh20l-graalvm17-ce-22.3.0/lib/libnio.so
7f7c89888000-7f7c8988d000 rw-p 00019000 00:c7d 4611686019135192571       /nix/store/gpxl5qgg8kicmcvivwmybwjlpf7wh20l-graalvm17-ce-22.3.0/lib/libnio.so
7f7c8988d000-7f7c8988e000 ---p 00000000 00:00 0 
7f7c8988e000-7f7c8998f000 rw-p 00000000 00:00 0 
7f7c8998f000-7f7c89a5d000 r-xp 00000000 00:c7d 4611686019135190036       /nix/store/gpxl5qgg8kicmcvivwmybwjlpf7wh20l-graalvm17-ce-22.3.0/lib/libjsvml.so
7f7c89a5d000-7f7c89a5e000 r--p 000cd000 00:c7d 4611686019135190036       /nix/store/gpxl5qgg8kicmcvivwmybwjlpf7wh20l-graalvm17-ce-22.3.0/lib/libjsvml.so
7f7c89a5e000-7f7c89a5f000 rw-p 000ce000 00:c7d 4611686019135190036       /nix/store/gpxl5qgg8kicmcvivwmybwjlpf7wh20l-graalvm17-ce-22.3.0/lib/libjsvml.so
7f7c89a5f000-7f7c8b337000 rw-p 00000000 00:00 0 
7f7c8b337000-7f7c8b338000 ---p 00000000 00:00 0 
7f7c8b338000-7f7c8b4e3000 rw-p 00000000 00:00 0 
7f7c8b4e3000-7f7c8b507000 rw-p 00000000 00:00 0 
7f7c8b507000-7f7c8b539000 ---p 00000000 00:00 0 
7f7c8b539000-7f7c8b540000 rw-p 00000000 00:00 0 
7f7c8b540000-7f7c8b625000 ---p 00000000 00:00 0 
7f7c8b625000-7f7c8b647000 rw-p 00000000 00:00 0 
7f7c8b647000-7f7c8b710000 ---p 00000000 00:00 0 
7f7c8b710000-7f7c8b715000 rw-p 00000000 00:00 0 
7f7c8b715000-7f7c8b71c000 ---p 00000000 00:00 0 
7f7c8b71c000-7f7c8b740000 r-xp 00000000 00:c7d 4611686019135190028       /nix/store/gpxl5qgg8kicmcvivwmybwjlpf7wh20l-graalvm17-ce-22.3.0/lib/libjava.so
7f7c8b740000-7f7c8b741000 ---p 00024000 00:c7d 4611686019135190028       /nix/store/gpxl5qgg8kicmcvivwmybwjlpf7wh20l-graalvm17-ce-22.3.0/lib/libjava.so
7f7c8b741000-7f7c8b742000 r--p 00024000 00:c7d 4611686019135190028       /nix/store/gpxl5qgg8kicmcvivwmybwjlpf7wh20l-graalvm17-ce-22.3.0/lib/libjava.so
7f7c8b742000-7f7c8b743000 rw-p 00025000 00:c7d 4611686019135190028       /nix/store/gpxl5qgg8kicmcvivwmybwjlpf7wh20l-graalvm17-ce-22.3.0/lib/libjava.so
7f7c8b743000-7f7c8b744000 rw-p 00000000 00:00 0 
7f7c8b744000-7f7c8b74b000 rw-p 0002f000 00:c7d 4611686019135190028       /nix/store/gpxl5qgg8kicmcvivwmybwjlpf7wh20l-graalvm17-ce-22.3.0/lib/libjava.so
7f7c8b74b000-7f7c8b753000 rw-s 00000000 00:ea7 663                       /tmp/hsperfdata_runner/1347
7f7c8b753000-7f7c8b754000 ---p 00000000 00:00 0 
7f7c8b754000-7f7c8b755000 r--p 00000000 00:00 0 
7f7c8b755000-7f7c8b756000 rwxp 00000000 00:00 0 
7f7c8b756000-7f7c8b771000 r-xp 00000000 00:c7d 4611686019135190032       /nix/store/gpxl5qgg8kicmcvivwmybwjlpf7wh20l-graalvm17-ce-22.3.0/lib/libjimage.so
7f7c8b771000-7f7c8b772000 ---p 0001b000 00:c7d 4611686019135190032       /nix/store/gpxl5qgg8kicmcvivwmybwjlpf7wh20l-graalvm17-ce-22.3.0/lib/libjimage.so
7f7c8b772000-7f7c8b774000 r--p 0001b000 00:c7d 4611686019135190032       /nix/store/gpxl5qgg8kicmcvivwmybwjlpf7wh20l-graalvm17-ce-22.3.0/lib/libjimage.so
7f7c8b774000-7f7c8b775000 rw-p 0001d000 00:c7d 4611686019135190032       /nix/store/gpxl5qgg8kicmcvivwmybwjlpf7wh20l-graalvm17-ce-22.3.0/lib/libjimage.so
7f7c8b775000-7f7c8b776000 rw-p 00024000 00:c7d 4611686019135190032       /nix/store/gpxl5qgg8kicmcvivwmybwjlpf7wh20l-graalvm17-ce-22.3.0/lib/libjimage.so
7f7c8b776000-7f7c8b77a000 ---p 00000000 00:00 0 
7f7c8b77a000-7f7c8b876000 rw-p 00000000 00:00 0 
7f7c8b876000-7f7c8b884000 r--p 00000000 00:c7d 4611686019027979927       /nix/store/4nlgxhb09sdr51nc9hdm8az5b08vzkgx-glibc-2.35-163/lib/libm.so.6
7f7c8b884000-7f7c8b8f7000 r-xp 0000e000 00:c7d 4611686019027979927       /nix/store/4nlgxhb09sdr51nc9hdm8az5b08vzkgx-glibc-2.35-163/lib/libm.so.6
7f7c8b8f7000-7f7c8b954000 r--p 00081000 00:c7d 4611686019027979927       /nix/store/4nlgxhb09sdr51nc9hdm8az5b08vzkgx-glibc-2.35-163/lib/libm.so.6
7f7c8b954000-7f7c8b955000 r--p 000dd000 00:c7d 4611686019027979927       /nix/store/4nlgxhb09sdr51nc9hdm8az5b08vzkgx-glibc-2.35-163/lib/libm.so.6
7f7c8b955000-7f7c8b956000 rw-p 000de000 00:c7d 4611686019027979927       /nix/store/4nlgxhb09sdr51nc9hdm8az5b08vzkgx-glibc-2.35-163/lib/libm.so.6
7f7c8b956000-7f7c8b957000 r--p 00000000 00:c7d 4611686019027979946       /nix/store/4nlgxhb09sdr51nc9hdm8az5b08vzkgx-glibc-2.35-163/lib/librt.so.1
7f7c8b957000-7f7c8b958000 r-xp 00001000 00:c7d 4611686019027979946       /nix/store/4nlgxhb09sdr51nc9hdm8az5b08vzkgx-glibc-2.35-163/lib/librt.so.1
7f7c8b958000-7f7c8b959000 r--p 00002000 00:c7d 4611686019027979946       /nix/store/4nlgxhb09sdr51nc9hdm8az5b08vzkgx-glibc-2.35-163/lib/librt.so.1
7f7c8b959000-7f7c8b95a000 r--p 00002000 00:c7d 4611686019027979946       /nix/store/4nlgxhb09sdr51nc9hdm8az5b08vzkgx-glibc-2.35-163/lib/librt.so.1
7f7c8b95a000-7f7c8b95b000 rw-p 00003000 00:c7d 4611686019027979946       /nix/store/4nlgxhb09sdr51nc9hdm8az5b08vzkgx-glibc-2.35-163/lib/librt.so.1
7f7c8b95b000-7f7c8ca6e000 r-xp 00000000 00:c7d 4611686019135360866       /nix/store/gpxl5qgg8kicmcvivwmybwjlpf7wh20l-graalvm17-ce-22.3.0/lib/server/libjvm.so
7f7c8ca6e000-7f7c8ca6f000 ---p 01113000 00:c7d 4611686019135360866       /nix/store/gpxl5qgg8kicmcvivwmybwjlpf7wh20l-graalvm17-ce-22.3.0/lib/server/libjvm.so
7f7c8ca6f000-7f7c8cb24000 r--p 01113000 00:c7d 4611686019135360866       /nix/store/gpxl5qgg8kicmcvivwmybwjlpf7wh20l-graalvm17-ce-22.3.0/lib/server/libjvm.so
7f7c8cb24000-7f7c8cb58000 rw-p 011c8000 00:c7d 4611686019135360866       /nix/store/gpxl5qgg8kicmcvivwmybwjlpf7wh20l-graalvm17-ce-22.3.0/lib/server/libjvm.so
7f7c8cb58000-7f7c8cbb4000 rw-p 00000000 00:00 0 
7f7c8cbb4000-7f7c8cbdc000 r--p 00000000 00:c7d 4611686019027979918       /nix/store/4nlgxhb09sdr51nc9hdm8az5b08vzkgx-glibc-2.35-163/lib/libc.so.6
7f7c8cbdc000-7f7c8cd52000 r-xp 00028000 00:c7d 4611686019027979918       /nix/store/4nlgxhb09sdr51nc9hdm8az5b08vzkgx-glibc-2.35-163/lib/libc.so.6
7f7c8cd52000-7f7c8cdaa000 r--p 0019e000 00:c7d 4611686019027979918       /nix/store/4nlgxhb09sdr51nc9hdm8az5b08vzkgx-glibc-2.35-163/lib/libc.so.6
7f7c8cdaa000-7f7c8cdae000 r--p 001f6000 00:c7d 4611686019027979918       /nix/store/4nlgxhb09sdr51nc9hdm8az5b08vzkgx-glibc-2.35-163/lib/libc.so.6
7f7c8cdae000-7f7c8cdb0000 rw-p 001fa000 00:c7d 4611686019027979918       /nix/store/4nlgxhb09sdr51nc9hdm8az5b08vzkgx-glibc-2.35-163/lib/libc.so.6
7f7c8cdb0000-7f7c8cdbd000 rw-p 00000000 00:00 0 
7f7c8cdbd000-7f7c8cdbe000 r--p 00000000 00:c7d 4611686019027979923       /nix/store/4nlgxhb09sdr51nc9hdm8az5b08vzkgx-glibc-2.35-163/lib/libdl.so.2
7f7c8cdbe000-7f7c8cdbf000 r-xp 00001000 00:c7d 4611686019027979923       /nix/store/4nlgxhb09sdr51nc9hdm8az5b08vzkgx-glibc-2.35-163/lib/libdl.so.2
7f7c8cdbf000-7f7c8cdc0000 r--p 00002000 00:c7d 4611686019027979923       /nix/store/4nlgxhb09sdr51nc9hdm8az5b08vzkgx-glibc-2.35-163/lib/libdl.so.2
7f7c8cdc0000-7f7c8cdc1000 r--p 00002000 00:c7d 4611686019027979923       /nix/store/4nlgxhb09sdr51nc9hdm8az5b08vzkgx-glibc-2.35-163/lib/libdl.so.2
7f7c8cdc1000-7f7c8cdc2000 rw-p 00003000 00:c7d 4611686019027979923       /nix/store/4nlgxhb09sdr51nc9hdm8az5b08vzkgx-glibc-2.35-163/lib/libdl.so.2
7f7c8cdc2000-7f7c8cdc4000 rw-p 00000000 00:00 0 
7f7c8cdc4000-7f7c8cdc5000 r--p 00000000 00:c7d 4611686019027979942       /nix/store/4nlgxhb09sdr51nc9hdm8az5b08vzkgx-glibc-2.35-163/lib/libpthread.so.0
7f7c8cdc5000-7f7c8cdc6000 r-xp 00001000 00:c7d 4611686019027979942       /nix/store/4nlgxhb09sdr51nc9hdm8az5b08vzkgx-glibc-2.35-163/lib/libpthread.so.0
7f7c8cdc6000-7f7c8cdc7000 r--p 00002000 00:c7d 4611686019027979942       /nix/store/4nlgxhb09sdr51nc9hdm8az5b08vzkgx-glibc-2.35-163/lib/libpthread.so.0
7f7c8cdc7000-7f7c8cdc8000 r--p 00002000 00:c7d 4611686019027979942       /nix/store/4nlgxhb09sdr51nc9hdm8az5b08vzkgx-glibc-2.35-163/lib/libpthread.so.0
7f7c8cdc8000-7f7c8cdc9000 rw-p 00003000 00:c7d 4611686019027979942       /nix/store/4nlgxhb09sdr51nc9hdm8az5b08vzkgx-glibc-2.35-163/lib/libpthread.so.0
7f7c8cdc9000-7f7c8cdd7000 r-xp 00000000 00:c7d 4611686019135190033       /nix/store/gpxl5qgg8kicmcvivwmybwjlpf7wh20l-graalvm17-ce-22.3.0/lib/libjli.so
7f7c8cdd7000-7f7c8cdd8000 ---p 0000e000 00:c7d 4611686019135190033       /nix/store/gpxl5qgg8kicmcvivwmybwjlpf7wh20l-graalvm17-ce-22.3.0/lib/libjli.so
7f7c8cdd8000-7f7c8cdd9000 r--p 0000e000 00:c7d 4611686019135190033       /nix/store/gpxl5qgg8kicmcvivwmybwjlpf7wh20l-graalvm17-ce-22.3.0/lib/libjli.so
7f7c8cdd9000-7f7c8cdda000 rw-p 0000f000 00:c7d 4611686019135190033       /nix/store/gpxl5qgg8kicmcvivwmybwjlpf7wh20l-graalvm17-ce-22.3.0/lib/libjli.so
7f7c8cdda000-7f7c8cddb000 rw-p 00012000 00:c7d 4611686019135190033       /nix/store/gpxl5qgg8kicmcvivwmybwjlpf7wh20l-graalvm17-ce-22.3.0/lib/libjli.so
7f7c8cddb000-7f7c8cdde000 r--p 00000000 00:c7d 4611686019106210071       /nix/store/026hln0aq1hyshaxsdvhg0kmcm6yf45r-zlib-1.2.13/lib/libz.so.1.2.13
7f7c8cdde000-7f7c8cdf0000 r-xp 00003000 00:c7d 4611686019106210071       /nix/store/026hln0aq1hyshaxsdvhg0kmcm6yf45r-zlib-1.2.13/lib/libz.so.1.2.13
7f7c8cdf0000-7f7c8cdf7000 r--p 00015000 00:c7d 4611686019106210071       /nix/store/026hln0aq1hyshaxsdvhg0kmcm6yf45r-zlib-1.2.13/lib/libz.so.1.2.13
7f7c8cdf7000-7f7c8cdf8000 r--p 0001b000 00:c7d 4611686019106210071       /nix/store/026hln0aq1hyshaxsdvhg0kmcm6yf45r-zlib-1.2.13/lib/libz.so.1.2.13
7f7c8cdf8000-7f7c8cdf9000 rw-p 0001c000 00:c7d 4611686019106210071       /nix/store/026hln0aq1hyshaxsdvhg0kmcm6yf45r-zlib-1.2.13/lib/libz.so.1.2.13
7f7c8cdf9000-7f7c8cdfb000 rw-p 00000000 00:00 0 
7f7c8cdfb000-7f7c8cdfd000 r--p 00000000 00:c7d 4611686019027979912       /nix/store/4nlgxhb09sdr51nc9hdm8az5b08vzkgx-glibc-2.35-163/lib/ld-linux-x86-64.so.2
7f7c8cdfd000-7f7c8ce24000 r-xp 00002000 00:c7d 4611686019027979912       /nix/store/4nlgxhb09sdr51nc9hdm8az5b08vzkgx-glibc-2.35-163/lib/ld-linux-x86-64.so.2
7f7c8ce24000-7f7c8ce30000 r--p 00029000 00:c7d 4611686019027979912       /nix/store/4nlgxhb09sdr51nc9hdm8az5b08vzkgx-glibc-2.35-163/lib/ld-linux-x86-64.so.2
7f7c8ce30000-7f7c8ce32000 r--p 00034000 00:c7d 4611686019027979912       /nix/store/4nlgxhb09sdr51nc9hdm8az5b08vzkgx-glibc-2.35-163/lib/ld-linux-x86-64.so.2
7f7c8ce32000-7f7c8ce34000 rw-p 00036000 00:c7d 4611686019027979912       /nix/store/4nlgxhb09sdr51nc9hdm8az5b08vzkgx-glibc-2.35-163/lib/ld-linux-x86-64.so.2
7ffcbe81a000-7ffcbe83e000 rw-p 00000000 00:00 0                          [stack]
7ffcbe9a4000-7ffcbe9a8000 r--p 00000000 00:00 0                          [vvar]
7ffcbe9a8000-7ffcbe9aa000 r-xp 00000000 00:00 0                          [vdso]
ffffffffff600000-ffffffffff601000 --xp 00000000 00:00 0                  [vsyscall]


VM Arguments:
jvm_args: -XX:ThreadPriorityPolicy=1 -XX:+UnlockExperimentalVMOptions -XX:+EnableJVMCIProduct -XX:JVMCIThreadsPerNativeLibraryRuntime=1 -XX:-UnlockExperimentalVMOptions -Declipse.application=org.eclipse.jdt.ls.core.id1 -Dosgi.bundles.defaultStartLevel=4 -Declipse.product=org.eclipse.jdt.ls.core.product -Dlog.level=ALL -Xverify:none -XX:+UseParallelGC -XX:GCTimeRatio=4 -XX:AdaptiveSizePolicyWeight=90 -Dsun.zip.disableMemoryMapping=true -Xmx512m -Xms100m 
java_command: /nix/store/m6gcpi1ii6rghy04cjwjddcavv7i90df-jdt-language-server-1.9.0/share/java/plugins/org.eclipse.equinox.launcher_1.6.400.v20210924-0641.jar --add-modules=ALL-SYSTEM --add-opens java.base/java.util=ALL-UNNAMED --add-opens java.base/java.lang=ALL-UNNAMED -configuration /home/runner/.cache/jdt-language-server/config -data /home/runner/.cache/jdt-language-server/data/home/runner/w2
java_class_path (initial): /nix/store/m6gcpi1ii6rghy04cjwjddcavv7i90df-jdt-language-server-1.9.0/share/java/plugins/org.eclipse.equinox.launcher_1.6.400.v20210924-0641.jar
Launcher Type: SUN_STANDARD

[Global flags]
    uintx AdaptiveSizePolicyWeight                 = 90                                        {product} {command line}
     intx CICompilerCount                          = 2                                         {product} {ergonomic}
     bool EnableJVMCIProduct                       = true                                {JVMCI product} {jimage}
    uintx GCTimeRatio                              = 4                                         {product} {command line}
   size_t InitialHeapSize                          = 104857600                                 {product} {command line}
     uint JVMCIThreadsPerNativeLibraryRuntime      = 1                                   {JVMCI product} {jimage}
   size_t MaxHeapSize                              = 536870912                                 {product} {command line}
   size_t MaxNewSize                               = 178782208                                 {product} {ergonomic}
   size_t MinHeapDeltaBytes                        = 524288                                    {product} {ergonomic}
   size_t MinHeapSize                              = 104857600                                 {product} {command line}
   size_t NewSize                                  = 34603008                                  {product} {ergonomic}
    uintx NonNMethodCodeHeapSize                   = 5826188                                {pd product} {ergonomic}
    uintx NonProfiledCodeHeapSize                  = 122916026                              {pd product} {ergonomic}
   size_t OldSize                                  = 70254592                                  {product} {ergonomic}
    uintx ProfiledCodeHeapSize                     = 122916026                              {pd product} {ergonomic}
    uintx ReservedCodeCacheSize                    = 251658240                              {pd product} {ergonomic}
     bool SegmentedCodeCache                       = true                                      {product} {ergonomic}
   size_t SoftMaxHeapSize                          = 536870912                              {manageable} {ergonomic}
     intx ThreadPriorityPolicy                     = 1                                         {product} {jimage}
     bool UseCompressedClassPointers               = true                           {product lp64_product} {ergonomic}
     bool UseCompressedOops                        = true                           {product lp64_product} {ergonomic}
     bool UseParallelGC                            = true                                      {product} {command line}

Logging:
Log output configuration:
 #0: stdout all=warning uptime,level,tags
 #1: stderr all=off uptime,level,tags

Environment Variables:
JAVA_HOME=/nix/store/gpxl5qgg8kicmcvivwmybwjlpf7wh20l-graalvm17-ce-22.3.0
PATH=/nix/store/1d6ian3r8kdzspw8hacjhl3xkp40g1lj-binutils-wrapper-2.39/bin:/nix/store/dq0xwmsk1g0i2ayg6pb7y87na2knzylh-gcc-wrapper-11.3.0/bin:/nix/store/bap4d0lpcrhpwmpb8ayjcgkmvfj62lnq-bash-interactive-5.1-p16/bin:/nix/store/pr5n59mb4jzmfx6kanwxly0l07p861fg-patchelf-0.15.0/bin:/nix/store/1gf2flfqnpqbr1b4p4qz2f72y42bs56r-gcc-11.3.0/bin:/nix/store/57xv61c5zi8pphjbcwxxjlgc34p61ic9-glibc-2.35-163-bin/bin:/nix/store/a7gvj343m05j2s32xcnwr35v31ynlypr-coreutils-9.1/bin:/nix/store/039g378vc3pc3dvi9dzdlrd0i4q93qwf-binutils-2.39/bin:/nix/store/gpxl5qgg8kicmcvivwmybwjlpf7wh20l-graalvm17-ce-22.3.0/bin:/nix/store/6z9ag3ihc8mq2hzsw48lhbznvzny65nz-apache-maven-3.8.6/bin:/nix/store/m6gcpi1ii6rghy04cjwjddcavv7i90df-jdt-language-server-1.9.0/bin:/nix/store/84xs5alhs01zrbr4ywm05kxbjbp5590l-java-debug/bin:/nix/store/mydc6f4k2z73xlcz7ilif3v2lcaiqvza-findutils-4.9.0/bin:/nix/store/j9p3g8472iijd50vhdprx0nmk2fqn5gv-diffutils-3.8/bin:/nix/store/89zs7rms6x00xfq4dq6m7mjnhkr8a6r4-gnused-4.8/bin:/nix/store/86bp03jkmsl6f92w0yzg4s59g5mhxwmy-gnugrep-3.7/bin:/nix/store/hwcdqw4jrjnd37wxqgsd47hd0j8bnj09-gawk-5.1.1/bin:/nix/store/cfbhw8r8ags41vwqaz47r583d0p4h4a1-gnutar-1.34/bin:/nix/store/p3m1ndl1lapwrlh698bnb5lvvxh67378-gzip-1.12/bin:/nix/store/a8mhcagrsly7c7mpjrpsnaahk4aax056-bzip2-1.0.8-bin/bin:/nix/store/mblgz65m3zv9x548a3d5m96fj2pbwr09-gnumake-4.3/bin:/nix/store/dsd5gz46hdbdk2rfdimqddhq6m8m8fqs-bash-5.1-p16/bin:/nix/store/v7ljksji50mg3w61dykaa3n3y79n6nil-patch-2.7.6/bin:/nix/store/zlcnmqq14jz5x9439jf937mvayyl63da-xz-5.2.7-bin/bin:/nix/store/y6aj732zm9m87c82fpvf103a1xb22blp-file-5.43/bin:/nix/store/i4kzir3m7mrisxmf5xvlnkw01x4qaqr4-prybar-elisp-0.0.0-e0d9a52/bin:/nix/store/lwwivxf6h7x3cvxp9zv8sj0mv7dak99r-prybar-lua-0.0.0-e0d9a52/bin:/nix/store/gxj28g1cg4hq3qanmjv07156h800qr58-prybar-python3-0.0.0-e0d9a52/bin:/nix/store/hshkjnxrgidigf8x75vg6lqng2xlx9i3-prybar-sqlite-0.0.0-e0d9a52/bin:/nix/store/c4w01bpjgyy5ixmwdk8m1pw87zq4sl26-prybar-tcl-0.0.0-e0d9a52/bin:/nix/store/hpbvrlwd5viqmvcaisb3x0118i913a9n-st
LD_LIBRARY_PATH=/nix/store/a4pff549sk2idnkpzk5nsfps3mdkdnvm-cups-2.4.2-lib/lib:/nix/store/72mqxxhh3cy5yifh92wh2yb8cl2hikyy-cairo-1.16.0/lib:/nix/store/2k366jrbsra97gjfxwvrhvixjfxdach5-glib-2.74.1/lib:/nix/store/2j2znigd8ak37rlwh9khz0ry3clqlw1l-gtk+3-3.24.34/lib:/nix/store/hisqvx32cd57apbpcsnkpx6k3549wql1-libglvnd-1.4.0/lib:/nix/store/p36pgcv991mq5srvg765b78yqpxvk3qs-mesa-21.3.3-drivers/lib:/nix/store/mav4251if1ahjq5vkpwycyyvnmy459c4-pulseaudio-14.2/lib
DISPLAY=:0
LANG=en_US.UTF-8

Signal Handlers:
   SIGSEGV: crash_handler in libjvm.so, mask=11100100010111111101111111111110, flags=SA_RESTART|SA_SIGINFO
    SIGBUS: crash_handler in libjvm.so, mask=11100100010111111101111111111110, flags=SA_RESTART|SA_SIGINFO
    SIGFPE: crash_handler in libjvm.so, mask=11100100010111111101111111111110, flags=SA_RESTART|SA_SIGINFO
   SIGPIPE: IsolateEnterStub_IgnoreSIGPIPEStartupHook_noopSignalHandler_8f19bff2f35b5f630d83b364d6b2339320d4ec70_216e8361c6bc87a8f89f58cc10d3b2fd4415bf87 in libjvmcicompiler.so, mask=00000000000000000000000000000000, flags=SA_RESTART
  *** Handler was modified!
  *** Expected: javaSignalHandler in libjvm.so, mask=11100100110111111111111111111110, flags=SA_RESTART|SA_SIGINFO
   SIGXFSZ: javaSignalHandler in libjvm.so, mask=11100100010111111101111111111110, flags=SA_RESTART|SA_SIGINFO
    SIGILL: crash_handler in libjvm.so, mask=11100100010111111101111111111110, flags=SA_RESTART|SA_SIGINFO
   SIGUSR2: SR_handler in libjvm.so, mask=00000000000000000000000000000000, flags=SA_RESTART|SA_SIGINFO
    SIGHUP: UserHandler in libjvm.so, mask=11100100010111111101111111111110, flags=SA_RESTART|SA_SIGINFO
    SIGINT: UserHandler in libjvm.so, mask=11100100010111111101111111111110, flags=SA_RESTART|SA_SIGINFO
   SIGTERM: UserHandler in libjvm.so, mask=11100100010111111101111111111110, flags=SA_RESTART|SA_SIGINFO
   SIGQUIT: UserHandler in libjvm.so, mask=11100100010111111101111111111110, flags=SA_RESTART|SA_SIGINFO
  *** Handler was modified!
  *** Expected: javaSignalHandler in libjvm.so, mask=11100100110111111111111111111110, flags=SA_RESTART|SA_SIGINFO
   SIGTRAP: crash_handler in libjvm.so, mask=11100100010111111101111111111110, flags=SA_RESTART|SA_SIGINFO


---------------  S Y S T E M  ---------------

OS:
DISTRIB_ID=Ubuntu
DISTRIB_RELEASE=20.04
DISTRIB_CODENAME=focal
DISTRIB_DESCRIPTION="Ubuntu 20.04.2 LTS"
uname: Linux 5.19.0-1027-gcp #29~22.04.1-Ubuntu SMP Thu Jun 22 05:13:17 UTC 2023 x86_64
OS uptime: 0 days 6:31 hours
libc: glibc 2.35 NPTL 2.35 
rlimit (soft/hard): STACK 8192k/infinity , CORE infinity/infinity , NPROC infinity/infinity , NOFILE 5242/5242 , AS infinity/infinity , CPU infinity/infinity , DATA infinity/infinity , FSIZE infinity/infinity , MEMLOCK 8192k/8192k
load average: 11.31 14.36 14.54

/proc/meminfo:
MemTotal:       26666808 kB
MemFree:         3554220 kB
MemAvailable:   11841956 kB
Buffers:          675264 kB
Cached:          6867996 kB
SwapCached:            0 kB
Active:          4745416 kB
Inactive:       15466836 kB
Active(anon):      23436 kB
Inactive(anon): 12477596 kB
Active(file):    4721980 kB
Inactive(file):  2989240 kB
Unevictable:       55924 kB
Mlocked:           55924 kB
SwapTotal:             0 kB
SwapFree:              0 kB
Zswap:                 0 kB
Zswapped:              0 kB
Dirty:              6560 kB
Writeback:             0 kB
AnonPages:      12204004 kB
Mapped:          1171100 kB
Shmem:             21912 kB
KReclaimable:    1054712 kB
Slab:            1980744 kB
SReclaimable:    1054712 kB
SUnreclaim:       926032 kB
KernelStack:      420632 kB
PageTables:       168568 kB
NFS_Unstable:          0 kB
Bounce:                0 kB
WritebackTmp:          0 kB
CommitLimit:    13333404 kB
Committed_AS:   45067476 kB
VmallocTotal:   34359738367 kB
VmallocUsed:      450412 kB
VmallocChunk:          0 kB
Percpu:            20512 kB
HardwareCorrupted:     0 kB
AnonHugePages:    755712 kB
ShmemHugePages:        0 kB
ShmemPmdMapped:        0 kB
FileHugePages:         0 kB
FilePmdMapped:         0 kB
HugePages_Total:       0
HugePages_Free:        0
HugePages_Rsvd:        0
HugePages_Surp:        0
Hugepagesize:       2048 kB
Hugetlb:               0 kB
DirectMap4k:     3840824 kB
DirectMap2M:    23418880 kB
DirectMap1G:     2097152 kB

/sys/kernel/mm/transparent_hugepage/enabled: always [madvise] never
/sys/kernel/mm/transparent_hugepage/defrag (defrag/compaction efforts parameter): always defer defer+madvise [madvise] never

Process Memory:
Virtual Size: 3866400K (peak: 3934176K)
Resident Set Size: 743004K (peak: 815980K) (anon: 552736K, file: 190268K, shmem: 0K)
Swapped out: 0K
C-Heap outstanding allocations: 39060K, retained: 11255K
glibc malloc tunables: (default)

/proc/sys/kernel/threads-max (system-wide limit on the number of threads): 208270
/proc/sys/vm/max_map_count (maximum number of memory map areas a process may have): 65530
/proc/sys/kernel/pid_max (system-wide limit on number of process identifiers): 4194304

container (cgroup) information:
container_type: cgroupv1
cpu_cpuset_cpus: 1-3
cpu_memory_nodes: 0
active_processor_count: 1
cpu_quota: 50000
cpu_period: 100000
cpu_shares: 512
memory_limit_in_bytes: 1048576 k
memory_and_swap_limit_in_bytes: 1048576 k
memory_soft_limit_in_bytes: 524288 k
memory_usage_in_bytes: 602416 k
memory_max_usage_in_bytes: 864876 k
maximum number of tasks: 1000
current number of tasks: 46

KVM virtualization detected
Steal ticks since vm start: 0
Steal ticks percentage since vm start:  0.000

CPU: total 4 (initial active 1) (2 cores per cpu, 2 threads per core) family 6 model 85 stepping 3 microcode 0xffffffff, cx8, cmov, fxsr, ht, mmx, 3dnowpref, sse, sse2, sse3, ssse3, sse4.1, sse4.2, popcnt, lzcnt, tsc, tscinvbit, avx, avx2, aes, erms, clmul, bmi1, bmi2, rtm, adx, fma, vzeroupper, clflush, clflushopt, clwb, hv
CPU Model and flags from /proc/cpuinfo:
model name	: Intel(R) Xeon(R) CPU @ 2.00GHz
flags		: fpu vme de pse tsc msr pae mce cx8 apic sep mtrr pge mca cmov pat pse36 clflush mmx fxsr sse sse2 ss ht syscall nx pdpe1gb rdtscp lm constant_tsc rep_good nopl xtopology nonstop_tsc cpuid tsc_known_freq pni pclmulqdq ssse3 fma cx16 pcid sse4_1 sse4_2 x2apic movbe popcnt aes xsave avx f16c rdrand hypervisor lahf_lm abm 3dnowprefetch invpcid_single pti ssbd ibrs ibpb stibp fsgsbase tsc_adjust bmi1 hle avx2 smep bmi2 erms invpcid rtm mpx avx512f avx512dq rdseed adx smap clflushopt clwb avx512cd avx512bw avx512vl xsaveopt xsavec xgetbv1 xsaves arat md_clear arch_capabilities

Online cpus: 0-3
Offline cpus: 
BIOS frequency limitation: <Not Available>
Frequency switch latency (ns): <Not Available>
Available cpu frequencies: <Not Available>
Current governor: <Not Available>
Core performance/turbo boost: <Not Available>

Memory: 4k page, physical 1048576k(446156k free), swap 0k(0k free)
Page Sizes: 4k

vm_info: OpenJDK 64-Bit Server VM (17.0.5+8-jvmci-22.3-b08) for linux-amd64 JRE (17.0.5+8-jvmci-22.3-b08), built on Oct 19 2022 09:01:27 by "buildslave" with gcc 10.3.0

END.
